DEPRECATION WARNING: You're using the Ruby-based MySQL library that ships with Rails. This library will be REMOVED FROM RAILS 2.2. Please switch to the offical mysql gem: `gem install mysql`  See http://www.rubyonrails.org/deprecation for details. (called from mysql_connection at /Users/Frank/rails/rails_funda/vendor/rails/activerecord/lib/active_record/connection_adapters/mysql_adapter.rb:81)
  [4;36;1mSQL (0.000201)[0m   [0;1mSET NAMES 'utf8'[0m
  [4;35;1mSQL (0.000128)[0m   [0mSET SQL_AUTO_IS_NULL=0[0m
  [4;36;1mSQL (0.023757)[0m   [0;1mCREATE DATABASE `funda_development` DEFAULT CHARACTER SET `utf8` COLLATE `utf8_general_ci`[0m
  [4;35;1mSQL (0.000199)[0m   [0mSET NAMES 'utf8'[0m
  [4;36;1mSQL (0.000127)[0m   [0;1mSET SQL_AUTO_IS_NULL=0[0m
  [4;35;1mSQL (0.000640)[0m   [0mCREATE DATABASE `funda_production` DEFAULT CHARACTER SET `utf8` COLLATE `utf8_general_ci`[0m
  [4;36;1mSQL (0.000189)[0m   [0;1mSET NAMES 'utf8'[0m
  [4;35;1mSQL (0.000124)[0m   [0mSET SQL_AUTO_IS_NULL=0[0m
  [4;36;1mSQL (0.000528)[0m   [0;1mCREATE DATABASE `funda_test` DEFAULT CHARACTER SET `utf8` COLLATE `utf8_general_ci`[0m
DEPRECATION WARNING: You're using the Ruby-based MySQL library that ships with Rails. This library will be REMOVED FROM RAILS 2.2. Please switch to the offical mysql gem: `gem install mysql`  See http://www.rubyonrails.org/deprecation for details. (called from mysql_connection at /Users/Frank/rails/rails_funda/vendor/rails/activerecord/lib/active_record/connection_adapters/mysql_adapter.rb:81)
  [4;36;1mSQL (0.000206)[0m   [0;1mSET NAMES 'utf8'[0m
  [4;35;1mSQL (0.000170)[0m   [0mSET SQL_AUTO_IS_NULL=0[0m
  [4;36;1mSQL (0.000531)[0m   [0;1mSHOW TABLES[0m
  [4;35;1mSQL (0.030658)[0m   [0mCREATE TABLE `schema_migrations` (`version` varchar(255) NOT NULL) ENGINE=InnoDB[0m
  [4;36;1mSQL (0.017685)[0m   [0;1mCREATE UNIQUE INDEX `unique_schema_migrations` ON `schema_migrations` (`version`)[0m
  [4;35;1mSQL (0.002669)[0m   [0mSHOW TABLES[0m
  [4;36;1mSQL (0.000727)[0m   [0;1mSELECT version FROM schema_migrations[0m
DEPRECATION WARNING: You're using the Ruby-based MySQL library that ships with Rails. This library will be REMOVED FROM RAILS 2.2. Please switch to the offical mysql gem: `gem install mysql`  See http://www.rubyonrails.org/deprecation for details. (called from mysql_connection at /Users/Frank/rails/rails_funda/vendor/rails/activerecord/lib/active_record/connection_adapters/mysql_adapter.rb:81)
  [4;36;1mSQL (0.000198)[0m   [0;1mSET NAMES 'utf8'[0m
  [4;35;1mSQL (0.000145)[0m   [0mSET SQL_AUTO_IS_NULL=0[0m
  [4;36;1mSQL (0.000485)[0m   [0;1mSHOW TABLES[0m
  [4;35;1mSQL (0.000437)[0m   [0mSELECT version FROM schema_migrations[0m
Migrating to CreateUsers (20080905085942)
  [4;36;1mSQL (0.000493)[0m   [0;1mSHOW TABLES[0m
  [4;35;1mSQL (0.017780)[0m   [0mCREATE TABLE `users` (`id` int(11) DEFAULT NULL auto_increment PRIMARY KEY, `login` varchar(40), `name` varchar(100) DEFAULT '', `email` varchar(100), `crypted_password` varchar(40), `salt` varchar(40), `created_at` datetime, `updated_at` datetime, `remember_token` varchar(40), `remember_token_expires_at` datetime, `activation_code` varchar(40), `activated_at` datetime, `state` varchar(255) DEFAULT 'passive', `deleted_at` datetime) ENGINE=InnoDB[0m
  [4;36;1mSQL (0.047322)[0m   [0;1mCREATE UNIQUE INDEX `index_users_on_login` ON `users` (`login`)[0m
  [4;35;1mSQL (0.000809)[0m   [0mINSERT INTO schema_migrations (version) VALUES ('20080905085942')[0m
  [4;36;1mSQL (0.000670)[0m   [0;1mSHOW TABLES[0m
  [4;35;1mSQL (0.000350)[0m   [0mSELECT version FROM schema_migrations[0m
  [4;36;1mSQL (0.001821)[0m   [0;1mSHOW TABLES[0m
  [4;35;1mSQL (0.030686)[0m   [0mSHOW FIELDS FROM `users`[0m
  [4;36;1mSQL (0.017050)[0m   [0;1mdescribe `users`[0m
  [4;35;1mSQL (0.002536)[0m   [0mSHOW KEYS FROM `users`[0m
DEPRECATION WARNING: You're using the Ruby-based MySQL library that ships with Rails. This library will be REMOVED FROM RAILS 2.2. Please switch to the offical mysql gem: `gem install mysql`  See http://www.rubyonrails.org/deprecation for details. (called from mysql_connection at /Users/Frank/rails/rails_funda/vendor/rails/activerecord/lib/active_record/connection_adapters/mysql_adapter.rb:81)
  [4;36;1mSQL (0.000190)[0m   [0;1mSET NAMES 'utf8'[0m
  [4;35;1mSQL (0.000150)[0m   [0mSET SQL_AUTO_IS_NULL=0[0m
  [4;36;1mSQL (0.000574)[0m   [0;1mSHOW TABLES[0m
  [4;35;1mSQL (0.000428)[0m   [0mSELECT version FROM schema_migrations[0m
  [4;36;1mSQL (0.001037)[0m   [0;1mSHOW TABLES[0m
  [4;35;1mSQL (0.003269)[0m   [0mSHOW FIELDS FROM `users`[0m
  [4;36;1mSQL (0.006386)[0m   [0;1mdescribe `users`[0m
  [4;35;1mSQL (0.002065)[0m   [0mSHOW KEYS FROM `users`[0m
  [4;36;1mSQL (0.000183)[0m   [0;1mSET NAMES 'utf8'[0m
  [4;35;1mSQL (0.000125)[0m   [0mSET SQL_AUTO_IS_NULL=0[0m
  [4;36;1mSQL (0.000578)[0m   [0;1mDROP DATABASE IF EXISTS `funda_test`[0m
  [4;35;1mSQL (0.000532)[0m   [0mCREATE DATABASE `funda_test` DEFAULT CHARACTER SET `utf8`[0m
  [4;36;1mSQL (0.000223)[0m   [0;1mSET NAMES 'utf8'[0m
  [4;35;1mSQL (0.000567)[0m   [0mSET SQL_AUTO_IS_NULL=0[0m
  [4;36;1mSQL (0.000690)[0m   [0;1mSHOW TABLES[0m
  [4;35;1mSQL (0.013968)[0m   [0mCREATE TABLE `users` (`id` int(11) DEFAULT NULL auto_increment PRIMARY KEY, `login` varchar(40), `name` varchar(100) DEFAULT '', `email` varchar(100), `crypted_password` varchar(40), `salt` varchar(40), `created_at` datetime, `updated_at` datetime, `remember_token` varchar(40), `remember_token_expires_at` datetime, `activation_code` varchar(40), `activated_at` datetime, `state` varchar(255) DEFAULT 'passive', `deleted_at` datetime) ENGINE=InnoDB[0m
  [4;36;1mSQL (0.012723)[0m   [0;1mCREATE UNIQUE INDEX `index_users_on_login` ON `users` (`login`)[0m
  [4;35;1mSQL (0.001048)[0m   [0mSHOW TABLES[0m
  [4;36;1mSQL (0.001484)[0m   [0;1mCREATE TABLE `schema_migrations` (`version` varchar(255) NOT NULL) ENGINE=InnoDB[0m
  [4;35;1mSQL (0.004051)[0m   [0mCREATE UNIQUE INDEX `unique_schema_migrations` ON `schema_migrations` (`version`)[0m
  [4;36;1mSQL (0.000522)[0m   [0;1mSHOW TABLES[0m
  [4;35;1mSQL (0.000432)[0m   [0mSELECT version FROM `schema_migrations`[0m
  [4;36;1mSQL (0.024413)[0m   [0;1mINSERT INTO `schema_migrations` (version) VALUES ('20080905085942')[0m
DEPRECATION WARNING: You're using the Ruby-based MySQL library that ships with Rails. This library will be REMOVED FROM RAILS 2.2. Please switch to the offical mysql gem: `gem install mysql`  See http://www.rubyonrails.org/deprecation for details. (called from mysql_connection at /Users/Frank/rails/rails_funda/vendor/rails/activerecord/lib/active_record/connection_adapters/mysql_adapter.rb:81)
  [4;36;1mSQL (0.000243)[0m   [0;1mSET NAMES 'utf8'[0m
  [4;35;1mSQL (0.000126)[0m   [0mSET SQL_AUTO_IS_NULL=0[0m
  [4;36;1mSQL (0.000514)[0m   [0;1mSHOW TABLES[0m
  [4;35;1mSQL (0.000321)[0m   [0mSELECT version FROM schema_migrations[0m
  [4;36;1mSQL (0.005587)[0m   [0;1mSET NAMES 'utf8'[0m
  [4;35;1mSQL (0.000193)[0m   [0mSET SQL_AUTO_IS_NULL=0[0m
  [4;36;1mSQL (0.020677)[0m   [0;1mDROP DATABASE IF EXISTS `funda_test`[0m
  [4;35;1mSQL (0.000901)[0m   [0mCREATE DATABASE `funda_test` DEFAULT CHARACTER SET `utf8`[0m
  [4;36;1mSQL (0.000337)[0m   [0;1mSET NAMES 'utf8'[0m
  [4;35;1mSQL (0.000158)[0m   [0mSET SQL_AUTO_IS_NULL=0[0m
  [4;36;1mSQL (0.000571)[0m   [0;1mSHOW TABLES[0m
  [4;35;1mSQL (0.008602)[0m   [0mCREATE TABLE `users` (`id` int(11) DEFAULT NULL auto_increment PRIMARY KEY, `login` varchar(40), `name` varchar(100) DEFAULT '', `email` varchar(100), `crypted_password` varchar(40), `salt` varchar(40), `created_at` datetime, `updated_at` datetime, `remember_token` varchar(40), `remember_token_expires_at` datetime, `activation_code` varchar(40), `activated_at` datetime, `state` varchar(255) DEFAULT 'passive', `deleted_at` datetime) ENGINE=InnoDB[0m
  [4;36;1mSQL (0.029577)[0m   [0;1mCREATE UNIQUE INDEX `index_users_on_login` ON `users` (`login`)[0m
  [4;35;1mSQL (0.002797)[0m   [0mSHOW TABLES[0m
  [4;36;1mSQL (0.002120)[0m   [0;1mCREATE TABLE `schema_migrations` (`version` varchar(255) NOT NULL) ENGINE=InnoDB[0m
  [4;35;1mSQL (0.014541)[0m   [0mCREATE UNIQUE INDEX `unique_schema_migrations` ON `schema_migrations` (`version`)[0m
  [4;36;1mSQL (0.001282)[0m   [0;1mSHOW TABLES[0m
  [4;35;1mSQL (0.000535)[0m   [0mSELECT version FROM `schema_migrations`[0m
  [4;36;1mSQL (0.002259)[0m   [0;1mINSERT INTO `schema_migrations` (version) VALUES ('20080905085942')[0m
  [4;36;1mSQL (0.000248)[0m   [0;1mSET NAMES 'utf8'[0m
  [4;35;1mSQL (0.000337)[0m   [0mSET SQL_AUTO_IS_NULL=0[0m
  [4;36;1mSQL (0.000709)[0m   [0;1mSHOW TABLES[0m
  [4;35;1mSQL (0.000239)[0m   [0mSELECT version FROM schema_migrations[0m
  [4;36;1mSQL (0.000175)[0m   [0;1mSET NAMES 'utf8'[0m
  [4;35;1mSQL (0.000094)[0m   [0mSET SQL_AUTO_IS_NULL=0[0m
  [4;36;1mSQL (0.085436)[0m   [0;1mDROP DATABASE IF EXISTS `funda_test`[0m
  [4;35;1mSQL (0.001348)[0m   [0mCREATE DATABASE `funda_test` DEFAULT CHARACTER SET `utf8`[0m
  [4;36;1mSQL (0.000116)[0m   [0;1mSET NAMES 'utf8'[0m
  [4;35;1mSQL (0.000082)[0m   [0mSET SQL_AUTO_IS_NULL=0[0m
  [4;36;1mSQL (0.000396)[0m   [0;1mSHOW TABLES[0m
  [4;35;1mSQL (0.015156)[0m   [0mCREATE TABLE `users` (`id` int(11) DEFAULT NULL auto_increment PRIMARY KEY, `login` varchar(40), `name` varchar(100) DEFAULT '', `email` varchar(100), `crypted_password` varchar(40), `salt` varchar(40), `created_at` datetime, `updated_at` datetime, `remember_token` varchar(40), `remember_token_expires_at` datetime, `activation_code` varchar(40), `activated_at` datetime, `state` varchar(255) DEFAULT 'passive', `deleted_at` datetime) ENGINE=InnoDB[0m
  [4;36;1mSQL (0.042001)[0m   [0;1mCREATE UNIQUE INDEX `index_users_on_login` ON `users` (`login`)[0m
  [4;35;1mSQL (0.003815)[0m   [0mSHOW TABLES[0m
  [4;36;1mSQL (0.010600)[0m   [0;1mCREATE TABLE `schema_migrations` (`version` varchar(255) NOT NULL) ENGINE=InnoDB[0m
  [4;35;1mSQL (0.019191)[0m   [0mCREATE UNIQUE INDEX `unique_schema_migrations` ON `schema_migrations` (`version`)[0m
  [4;36;1mSQL (0.000477)[0m   [0;1mSHOW TABLES[0m
  [4;35;1mSQL (0.000429)[0m   [0mSELECT version FROM `schema_migrations`[0m
  [4;36;1mSQL (0.000826)[0m   [0;1mINSERT INTO `schema_migrations` (version) VALUES ('20080905085942')[0m


Processing UsersController#index (for 127.0.0.1 at 2008-09-05 11:43:00) [GET]
  Session ID: 46d57f508179bdcf2938bce8156d9750
  Parameters: {"action"=>"index", "controller"=>"users"}
  [4;36;1mSQL (0.000525)[0m   [0;1mSET NAMES 'utf8'[0m
  [4;35;1mSQL (0.000096)[0m   [0mSET SQL_AUTO_IS_NULL=0[0m


ActionController::UnknownAction (No action responded to index):
    /vendor/rails/actionpack/lib/action_controller/filters.rb:579:in `call_filters'
    /vendor/rails/actionpack/lib/action_controller/filters.rb:572:in `perform_action_without_benchmark'
    /vendor/rails/actionpack/lib/action_controller/benchmarking.rb:68:in `perform_action_without_rescue'
    /System/Library/Frameworks/Ruby.framework/Versions/1.8/usr/lib/ruby/1.8/benchmark.rb:293:in `measure'
    /vendor/rails/actionpack/lib/action_controller/benchmarking.rb:68:in `perform_action_without_rescue'
    /vendor/rails/actionpack/lib/action_controller/rescue.rb:201:in `perform_action_without_caching'
    /vendor/rails/actionpack/lib/action_controller/caching/sql_cache.rb:13:in `perform_action'
    /vendor/rails/activerecord/lib/active_record/connection_adapters/abstract/query_cache.rb:33:in `cache'
    /vendor/rails/activerecord/lib/active_record/query_cache.rb:8:in `cache'
    /vendor/rails/actionpack/lib/action_controller/caching/sql_cache.rb:12:in `perform_action'
    /vendor/rails/actionpack/lib/action_controller/base.rb:529:in `send'
    /vendor/rails/actionpack/lib/action_controller/base.rb:529:in `process_without_filters'
    /vendor/rails/actionpack/lib/action_controller/filters.rb:568:in `process_without_session_management_support'
    /vendor/rails/actionpack/lib/action_controller/session_management.rb:130:in `process'
    /vendor/rails/actionpack/lib/action_controller/base.rb:389:in `process'
    /vendor/rails/actionpack/lib/action_controller/dispatcher.rb:149:in `handle_request'
    /vendor/rails/actionpack/lib/action_controller/dispatcher.rb:107:in `dispatch'
    /vendor/rails/actionpack/lib/action_controller/dispatcher.rb:104:in `synchronize'
    /vendor/rails/actionpack/lib/action_controller/dispatcher.rb:104:in `dispatch'
    /vendor/rails/actionpack/lib/action_controller/dispatcher.rb:120:in `dispatch_cgi'
    /vendor/rails/actionpack/lib/action_controller/dispatcher.rb:35:in `dispatch'
    /Library/Ruby/Gems/1.8/gems/mongrel-1.1.5/bin/../lib/mongrel/rails.rb:76:in `process'
    /Library/Ruby/Gems/1.8/gems/mongrel-1.1.5/bin/../lib/mongrel/rails.rb:74:in `synchronize'
    /Library/Ruby/Gems/1.8/gems/mongrel-1.1.5/bin/../lib/mongrel/rails.rb:74:in `process'
    /Library/Ruby/Gems/1.8/gems/mongrel-1.1.5/lib/mongrel.rb:159:in `process_client'
    /Library/Ruby/Gems/1.8/gems/mongrel-1.1.5/lib/mongrel.rb:158:in `each'
    /Library/Ruby/Gems/1.8/gems/mongrel-1.1.5/lib/mongrel.rb:158:in `process_client'
    /Library/Ruby/Gems/1.8/gems/mongrel-1.1.5/lib/mongrel.rb:285:in `run'
    /Library/Ruby/Gems/1.8/gems/mongrel-1.1.5/lib/mongrel.rb:285:in `initialize'
    /Library/Ruby/Gems/1.8/gems/mongrel-1.1.5/lib/mongrel.rb:285:in `new'
    /Library/Ruby/Gems/1.8/gems/mongrel-1.1.5/lib/mongrel.rb:285:in `run'
    /Library/Ruby/Gems/1.8/gems/mongrel-1.1.5/lib/mongrel.rb:268:in `initialize'
    /Library/Ruby/Gems/1.8/gems/mongrel-1.1.5/lib/mongrel.rb:268:in `new'
    /Library/Ruby/Gems/1.8/gems/mongrel-1.1.5/lib/mongrel.rb:268:in `run'
    /Library/Ruby/Gems/1.8/gems/mongrel-1.1.5/lib/mongrel/configurator.rb:282:in `run'
    /Library/Ruby/Gems/1.8/gems/mongrel-1.1.5/lib/mongrel/configurator.rb:281:in `each'
    /Library/Ruby/Gems/1.8/gems/mongrel-1.1.5/lib/mongrel/configurator.rb:281:in `run'
    /Library/Ruby/Gems/1.8/gems/mongrel-1.1.5/bin/mongrel_rails:128:in `run'
    /Library/Ruby/Gems/1.8/gems/mongrel-1.1.5/lib/mongrel/command.rb:212:in `run'
    /Library/Ruby/Gems/1.8/gems/mongrel-1.1.5/bin/mongrel_rails:281
    /vendor/rails/activesupport/lib/active_support/dependencies.rb:503:in `load'
    /vendor/rails/activesupport/lib/active_support/dependencies.rb:503:in `load'
    /vendor/rails/activesupport/lib/active_support/dependencies.rb:355:in `new_constants_in'
    /vendor/rails/activesupport/lib/active_support/dependencies.rb:503:in `load'
    /vendor/rails/railties/lib/commands/servers/mongrel.rb:64
    /Library/Ruby/Site/1.8/rubygems/custom_require.rb:27:in `gem_original_require'
    /Library/Ruby/Site/1.8/rubygems/custom_require.rb:27:in `require'
    /vendor/rails/activesupport/lib/active_support/dependencies.rb:510:in `require'
    /vendor/rails/activesupport/lib/active_support/dependencies.rb:355:in `new_constants_in'
    /vendor/rails/activesupport/lib/active_support/dependencies.rb:510:in `require'
    /vendor/rails/railties/lib/commands/server.rb:39
    /Library/Ruby/Site/1.8/rubygems/custom_require.rb:27:in `gem_original_require'
    /Library/Ruby/Site/1.8/rubygems/custom_require.rb:27:in `require'
    script/server:3

Rendering /Users/Frank/rails/rails_funda/vendor/rails/actionpack/lib/action_controller/templates/rescues/layout.erb (not_found)


Processing SessionsController#index (for 127.0.0.1 at 2008-09-05 11:43:08) [GET]
  Session ID: BAh7BiIKZmxhc2hJQzonQWN0aW9uQ29udHJvbGxlcjo6Rmxhc2g6OkZsYXNo
SGFzaHsABjoKQHVzZWR7AA==--b16e49d82192918ce1d794c9272368b73b4a3ff2
  Parameters: {"action"=>"index", "controller"=>"sessions"}


ActionController::UnknownAction (No action responded to index):
    /vendor/rails/actionpack/lib/action_controller/filters.rb:579:in `call_filters'
    /vendor/rails/actionpack/lib/action_controller/filters.rb:572:in `perform_action_without_benchmark'
    /vendor/rails/actionpack/lib/action_controller/benchmarking.rb:68:in `perform_action_without_rescue'
    /System/Library/Frameworks/Ruby.framework/Versions/1.8/usr/lib/ruby/1.8/benchmark.rb:293:in `measure'
    /vendor/rails/actionpack/lib/action_controller/benchmarking.rb:68:in `perform_action_without_rescue'
    /vendor/rails/actionpack/lib/action_controller/rescue.rb:201:in `perform_action_without_caching'
    /vendor/rails/actionpack/lib/action_controller/caching/sql_cache.rb:13:in `perform_action'
    /vendor/rails/activerecord/lib/active_record/connection_adapters/abstract/query_cache.rb:33:in `cache'
    /vendor/rails/activerecord/lib/active_record/query_cache.rb:8:in `cache'
    /vendor/rails/actionpack/lib/action_controller/caching/sql_cache.rb:12:in `perform_action'
    /vendor/rails/actionpack/lib/action_controller/base.rb:529:in `send'
    /vendor/rails/actionpack/lib/action_controller/base.rb:529:in `process_without_filters'
    /vendor/rails/actionpack/lib/action_controller/filters.rb:568:in `process_without_session_management_support'
    /vendor/rails/actionpack/lib/action_controller/session_management.rb:130:in `process'
    /vendor/rails/actionpack/lib/action_controller/base.rb:389:in `process'
    /vendor/rails/actionpack/lib/action_controller/dispatcher.rb:149:in `handle_request'
    /vendor/rails/actionpack/lib/action_controller/dispatcher.rb:107:in `dispatch'
    /vendor/rails/actionpack/lib/action_controller/dispatcher.rb:104:in `synchronize'
    /vendor/rails/actionpack/lib/action_controller/dispatcher.rb:104:in `dispatch'
    /vendor/rails/actionpack/lib/action_controller/dispatcher.rb:120:in `dispatch_cgi'
    /vendor/rails/actionpack/lib/action_controller/dispatcher.rb:35:in `dispatch'
    /Library/Ruby/Gems/1.8/gems/mongrel-1.1.5/bin/../lib/mongrel/rails.rb:76:in `process'
    /Library/Ruby/Gems/1.8/gems/mongrel-1.1.5/bin/../lib/mongrel/rails.rb:74:in `synchronize'
    /Library/Ruby/Gems/1.8/gems/mongrel-1.1.5/bin/../lib/mongrel/rails.rb:74:in `process'
    /Library/Ruby/Gems/1.8/gems/mongrel-1.1.5/lib/mongrel.rb:159:in `process_client'
    /Library/Ruby/Gems/1.8/gems/mongrel-1.1.5/lib/mongrel.rb:158:in `each'
    /Library/Ruby/Gems/1.8/gems/mongrel-1.1.5/lib/mongrel.rb:158:in `process_client'
    /Library/Ruby/Gems/1.8/gems/mongrel-1.1.5/lib/mongrel.rb:285:in `run'
    /Library/Ruby/Gems/1.8/gems/mongrel-1.1.5/lib/mongrel.rb:285:in `initialize'
    /Library/Ruby/Gems/1.8/gems/mongrel-1.1.5/lib/mongrel.rb:285:in `new'
    /Library/Ruby/Gems/1.8/gems/mongrel-1.1.5/lib/mongrel.rb:285:in `run'
    /Library/Ruby/Gems/1.8/gems/mongrel-1.1.5/lib/mongrel.rb:268:in `initialize'
    /Library/Ruby/Gems/1.8/gems/mongrel-1.1.5/lib/mongrel.rb:268:in `new'
    /Library/Ruby/Gems/1.8/gems/mongrel-1.1.5/lib/mongrel.rb:268:in `run'
    /Library/Ruby/Gems/1.8/gems/mongrel-1.1.5/lib/mongrel/configurator.rb:282:in `run'
    /Library/Ruby/Gems/1.8/gems/mongrel-1.1.5/lib/mongrel/configurator.rb:281:in `each'
    /Library/Ruby/Gems/1.8/gems/mongrel-1.1.5/lib/mongrel/configurator.rb:281:in `run'
    /Library/Ruby/Gems/1.8/gems/mongrel-1.1.5/bin/mongrel_rails:128:in `run'
    /Library/Ruby/Gems/1.8/gems/mongrel-1.1.5/lib/mongrel/command.rb:212:in `run'
    /Library/Ruby/Gems/1.8/gems/mongrel-1.1.5/bin/mongrel_rails:281
    /vendor/rails/activesupport/lib/active_support/dependencies.rb:503:in `load'
    /vendor/rails/activesupport/lib/active_support/dependencies.rb:503:in `load'
    /vendor/rails/activesupport/lib/active_support/dependencies.rb:355:in `new_constants_in'
    /vendor/rails/activesupport/lib/active_support/dependencies.rb:503:in `load'
    /vendor/rails/railties/lib/commands/servers/mongrel.rb:64
    /Library/Ruby/Site/1.8/rubygems/custom_require.rb:27:in `gem_original_require'
    /Library/Ruby/Site/1.8/rubygems/custom_require.rb:27:in `require'
    /vendor/rails/activesupport/lib/active_support/dependencies.rb:510:in `require'
    /vendor/rails/activesupport/lib/active_support/dependencies.rb:355:in `new_constants_in'
    /vendor/rails/activesupport/lib/active_support/dependencies.rb:510:in `require'
    /vendor/rails/railties/lib/commands/server.rb:39
    /Library/Ruby/Site/1.8/rubygems/custom_require.rb:27:in `gem_original_require'
    /Library/Ruby/Site/1.8/rubygems/custom_require.rb:27:in `require'
    script/server:3

Rendering /Users/Frank/rails/rails_funda/vendor/rails/actionpack/lib/action_controller/templates/rescues/layout.erb (not_found)


Processing UsersController#new (for 127.0.0.1 at 2008-09-05 11:43:21) [GET]
  Session ID: BAh7BiIKZmxhc2hJQzonQWN0aW9uQ29udHJvbGxlcjo6Rmxhc2g6OkZsYXNo
SGFzaHsABjoKQHVzZWR7AA==--b16e49d82192918ce1d794c9272368b73b4a3ff2
  Parameters: {"action"=>"new", "controller"=>"users"}


NameError ("Plugins::Restful-authentication::Lib" is not a valid constant name!):
    /vendor/rails/activesupport/lib/active_support/dependencies.rb:116:in `qualified_const_defined?'
    /vendor/rails/activesupport/lib/active_support/dependencies.rb:339:in `new_constants_in'
    /vendor/rails/activesupport/lib/active_support/dependencies.rb:331:in `collect'
    /vendor/rails/activesupport/lib/active_support/dependencies.rb:331:in `new_constants_in'
    /vendor/rails/activesupport/lib/active_support/dependencies.rb:215:in `load_file'
    /vendor/rails/activesupport/lib/active_support/dependencies.rb:96:in `require_or_load'
    /vendor/rails/activesupport/lib/active_support/dependencies.rb:261:in `load_missing_constant'
    /vendor/rails/activesupport/lib/active_support/dependencies.rb:468:in `const_missing'
    /vendor/rails/activesupport/lib/active_support/dependencies.rb:480:in `const_missing'
    /vendor/rails/activesupport/lib/active_support/dependencies.rb:486:in `send'
    /vendor/rails/activesupport/lib/active_support/dependencies.rb:486:in `const_missing'
    /app/models/user.rb:7
    /vendor/rails/activesupport/lib/active_support/dependencies.rb:216:in `load_without_new_constant_marking'
    /vendor/rails/activesupport/lib/active_support/dependencies.rb:216:in `load_file'
    /vendor/rails/activesupport/lib/active_support/dependencies.rb:355:in `new_constants_in'
    /vendor/rails/activesupport/lib/active_support/dependencies.rb:215:in `load_file'
    /vendor/rails/activesupport/lib/active_support/dependencies.rb:96:in `require_or_load'
    /vendor/rails/activesupport/lib/active_support/dependencies.rb:261:in `load_missing_constant'
    /vendor/rails/activesupport/lib/active_support/dependencies.rb:468:in `const_missing'
    /vendor/rails/activesupport/lib/active_support/dependencies.rb:480:in `const_missing'
    /vendor/rails/activesupport/lib/active_support/dependencies.rb:486:in `send'
    /vendor/rails/activesupport/lib/active_support/dependencies.rb:486:in `const_missing'
    /app/controllers/users_controller.rb:12:in `new'
    /vendor/rails/actionpack/lib/action_controller/base.rb:1166:in `send'
    /vendor/rails/actionpack/lib/action_controller/base.rb:1166:in `perform_action_without_filters'
    /vendor/rails/actionpack/lib/action_controller/filters.rb:579:in `call_filters'
    /vendor/rails/actionpack/lib/action_controller/filters.rb:572:in `perform_action_without_benchmark'
    /vendor/rails/actionpack/lib/action_controller/benchmarking.rb:68:in `perform_action_without_rescue'
    /System/Library/Frameworks/Ruby.framework/Versions/1.8/usr/lib/ruby/1.8/benchmark.rb:293:in `measure'
    /vendor/rails/actionpack/lib/action_controller/benchmarking.rb:68:in `perform_action_without_rescue'
    /vendor/rails/actionpack/lib/action_controller/rescue.rb:201:in `perform_action_without_caching'
    /vendor/rails/actionpack/lib/action_controller/caching/sql_cache.rb:13:in `perform_action'
    /vendor/rails/activerecord/lib/active_record/connection_adapters/abstract/query_cache.rb:33:in `cache'
    /vendor/rails/activerecord/lib/active_record/query_cache.rb:8:in `cache'
    /vendor/rails/actionpack/lib/action_controller/caching/sql_cache.rb:12:in `perform_action'
    /vendor/rails/actionpack/lib/action_controller/base.rb:529:in `send'
    /vendor/rails/actionpack/lib/action_controller/base.rb:529:in `process_without_filters'
    /vendor/rails/actionpack/lib/action_controller/filters.rb:568:in `process_without_session_management_support'
    /vendor/rails/actionpack/lib/action_controller/session_management.rb:130:in `process'
    /vendor/rails/actionpack/lib/action_controller/base.rb:389:in `process'
    /vendor/rails/actionpack/lib/action_controller/dispatcher.rb:149:in `handle_request'
    /vendor/rails/actionpack/lib/action_controller/dispatcher.rb:107:in `dispatch'
    /vendor/rails/actionpack/lib/action_controller/dispatcher.rb:104:in `synchronize'
    /vendor/rails/actionpack/lib/action_controller/dispatcher.rb:104:in `dispatch'
    /vendor/rails/actionpack/lib/action_controller/dispatcher.rb:120:in `dispatch_cgi'
    /vendor/rails/actionpack/lib/action_controller/dispatcher.rb:35:in `dispatch'
    /Library/Ruby/Gems/1.8/gems/mongrel-1.1.5/bin/../lib/mongrel/rails.rb:76:in `process'
    /Library/Ruby/Gems/1.8/gems/mongrel-1.1.5/bin/../lib/mongrel/rails.rb:74:in `synchronize'
    /Library/Ruby/Gems/1.8/gems/mongrel-1.1.5/bin/../lib/mongrel/rails.rb:74:in `process'
    /Library/Ruby/Gems/1.8/gems/mongrel-1.1.5/lib/mongrel.rb:159:in `process_client'
    /Library/Ruby/Gems/1.8/gems/mongrel-1.1.5/lib/mongrel.rb:158:in `each'
    /Library/Ruby/Gems/1.8/gems/mongrel-1.1.5/lib/mongrel.rb:158:in `process_client'
    /Library/Ruby/Gems/1.8/gems/mongrel-1.1.5/lib/mongrel.rb:285:in `run'
    /Library/Ruby/Gems/1.8/gems/mongrel-1.1.5/lib/mongrel.rb:285:in `initialize'
    /Library/Ruby/Gems/1.8/gems/mongrel-1.1.5/lib/mongrel.rb:285:in `new'
    /Library/Ruby/Gems/1.8/gems/mongrel-1.1.5/lib/mongrel.rb:285:in `run'
    /Library/Ruby/Gems/1.8/gems/mongrel-1.1.5/lib/mongrel.rb:268:in `initialize'
    /Library/Ruby/Gems/1.8/gems/mongrel-1.1.5/lib/mongrel.rb:268:in `new'
    /Library/Ruby/Gems/1.8/gems/mongrel-1.1.5/lib/mongrel.rb:268:in `run'
    /Library/Ruby/Gems/1.8/gems/mongrel-1.1.5/lib/mongrel/configurator.rb:282:in `run'
    /Library/Ruby/Gems/1.8/gems/mongrel-1.1.5/lib/mongrel/configurator.rb:281:in `each'
    /Library/Ruby/Gems/1.8/gems/mongrel-1.1.5/lib/mongrel/configurator.rb:281:in `run'
    /Library/Ruby/Gems/1.8/gems/mongrel-1.1.5/bin/mongrel_rails:128:in `run'
    /Library/Ruby/Gems/1.8/gems/mongrel-1.1.5/lib/mongrel/command.rb:212:in `run'
    /Library/Ruby/Gems/1.8/gems/mongrel-1.1.5/bin/mongrel_rails:281
    /vendor/rails/activesupport/lib/active_support/dependencies.rb:503:in `load'
    /vendor/rails/activesupport/lib/active_support/dependencies.rb:503:in `load'
    /vendor/rails/activesupport/lib/active_support/dependencies.rb:355:in `new_constants_in'
    /vendor/rails/activesupport/lib/active_support/dependencies.rb:503:in `load'
    /vendor/rails/railties/lib/commands/servers/mongrel.rb:64
    /Library/Ruby/Site/1.8/rubygems/custom_require.rb:27:in `gem_original_require'
    /Library/Ruby/Site/1.8/rubygems/custom_require.rb:27:in `require'
    /vendor/rails/activesupport/lib/active_support/dependencies.rb:510:in `require'
    /vendor/rails/activesupport/lib/active_support/dependencies.rb:355:in `new_constants_in'
    /vendor/rails/activesupport/lib/active_support/dependencies.rb:510:in `require'
    /vendor/rails/railties/lib/commands/server.rb:39
    /Library/Ruby/Site/1.8/rubygems/custom_require.rb:27:in `gem_original_require'
    /Library/Ruby/Site/1.8/rubygems/custom_require.rb:27:in `require'
    script/server:3

Rendering /Users/Frank/rails/rails_funda/vendor/rails/actionpack/lib/action_controller/templates/rescues/layout.erb (internal_server_error)


Processing SessionsController#new (for 127.0.0.1 at 2008-09-05 11:43:32) [GET]
  Session ID: BAh7BiIKZmxhc2hJQzonQWN0aW9uQ29udHJvbGxlcjo6Rmxhc2g6OkZsYXNo
SGFzaHsABjoKQHVzZWR7AA==--b16e49d82192918ce1d794c9272368b73b4a3ff2
  Parameters: {"action"=>"new", "controller"=>"sessions"}
Rendering sessions/new
Completed in 0.02249 (44 reqs/sec) | Rendering: 0.01150 (51%) | DB: 0.00062 (2%) | 200 OK [http://local.host/login]


Processing SessionsController#destroy (for 127.0.0.1 at 2008-09-05 11:43:38) [GET]
  Session ID: BAh7ByIKZmxhc2hJQzonQWN0aW9uQ29udHJvbGxlcjo6Rmxhc2g6OkZsYXNo
SGFzaHsABjoKQHVzZWR7ADoMY3NyZl9pZCIlNzk2OGEyY2ZjNmEwZTBmMjUx
OTA5MTdiM2VjMGNiMmI=--b9cc6903307a051471cb9803071230dddad3d9fc
  Parameters: {"action"=>"destroy", "controller"=>"sessions"}


NameError ("Plugins::Restful-authentication::Lib" is not a valid constant name!):
    /vendor/rails/activesupport/lib/active_support/dependencies.rb:116:in `qualified_const_defined?'
    /vendor/rails/activesupport/lib/active_support/dependencies.rb:339:in `new_constants_in'
    /vendor/rails/activesupport/lib/active_support/dependencies.rb:331:in `collect'
    /vendor/rails/activesupport/lib/active_support/dependencies.rb:331:in `new_constants_in'
    /vendor/rails/activesupport/lib/active_support/dependencies.rb:215:in `load_file'
    /vendor/rails/activesupport/lib/active_support/dependencies.rb:96:in `require_or_load'
    /vendor/rails/activesupport/lib/active_support/dependencies.rb:261:in `load_missing_constant'
    /vendor/rails/activesupport/lib/active_support/dependencies.rb:468:in `const_missing'
    /vendor/rails/activesupport/lib/active_support/dependencies.rb:480:in `const_missing'
    /vendor/rails/activesupport/lib/active_support/dependencies.rb:486:in `send'
    /vendor/rails/activesupport/lib/active_support/dependencies.rb:486:in `const_missing'
    /app/models/user.rb:7
    /vendor/rails/activesupport/lib/active_support/dependencies.rb:216:in `load_without_new_constant_marking'
    /vendor/rails/activesupport/lib/active_support/dependencies.rb:216:in `load_file'
    /vendor/rails/activesupport/lib/active_support/dependencies.rb:355:in `new_constants_in'
    /vendor/rails/activesupport/lib/active_support/dependencies.rb:215:in `load_file'
    /vendor/rails/activesupport/lib/active_support/dependencies.rb:96:in `require_or_load'
    /vendor/rails/activesupport/lib/active_support/dependencies.rb:261:in `load_missing_constant'
    /vendor/rails/activesupport/lib/active_support/dependencies.rb:468:in `const_missing'
    /vendor/rails/activesupport/lib/active_support/dependencies.rb:480:in `const_missing'
    /vendor/rails/activesupport/lib/active_support/dependencies.rb:273:in `load_missing_constant'
    /vendor/rails/activesupport/lib/active_support/dependencies.rb:468:in `const_missing'
    /lib/authenticated_system.rb:137:in `logout_keeping_session!'
    /lib/authenticated_system.rb:148:in `logout_killing_session!'
    /app/controllers/sessions_controller.rb:32:in `destroy'
    /vendor/rails/actionpack/lib/action_controller/base.rb:1166:in `send'
    /vendor/rails/actionpack/lib/action_controller/base.rb:1166:in `perform_action_without_filters'
    /vendor/rails/actionpack/lib/action_controller/filters.rb:579:in `call_filters'
    /vendor/rails/actionpack/lib/action_controller/filters.rb:572:in `perform_action_without_benchmark'
    /vendor/rails/actionpack/lib/action_controller/benchmarking.rb:68:in `perform_action_without_rescue'
    /System/Library/Frameworks/Ruby.framework/Versions/1.8/usr/lib/ruby/1.8/benchmark.rb:293:in `measure'
    /vendor/rails/actionpack/lib/action_controller/benchmarking.rb:68:in `perform_action_without_rescue'
    /vendor/rails/actionpack/lib/action_controller/rescue.rb:201:in `perform_action_without_caching'
    /vendor/rails/actionpack/lib/action_controller/caching/sql_cache.rb:13:in `perform_action'
    /vendor/rails/activerecord/lib/active_record/connection_adapters/abstract/query_cache.rb:33:in `cache'
    /vendor/rails/activerecord/lib/active_record/query_cache.rb:8:in `cache'
    /vendor/rails/actionpack/lib/action_controller/caching/sql_cache.rb:12:in `perform_action'
    /vendor/rails/actionpack/lib/action_controller/base.rb:529:in `send'
    /vendor/rails/actionpack/lib/action_controller/base.rb:529:in `process_without_filters'
    /vendor/rails/actionpack/lib/action_controller/filters.rb:568:in `process_without_session_management_support'
    /vendor/rails/actionpack/lib/action_controller/session_management.rb:130:in `process'
    /vendor/rails/actionpack/lib/action_controller/base.rb:389:in `process'
    /vendor/rails/actionpack/lib/action_controller/dispatcher.rb:149:in `handle_request'
    /vendor/rails/actionpack/lib/action_controller/dispatcher.rb:107:in `dispatch'
    /vendor/rails/actionpack/lib/action_controller/dispatcher.rb:104:in `synchronize'
    /vendor/rails/actionpack/lib/action_controller/dispatcher.rb:104:in `dispatch'
    /vendor/rails/actionpack/lib/action_controller/dispatcher.rb:120:in `dispatch_cgi'
    /vendor/rails/actionpack/lib/action_controller/dispatcher.rb:35:in `dispatch'
    /Library/Ruby/Gems/1.8/gems/mongrel-1.1.5/bin/../lib/mongrel/rails.rb:76:in `process'
    /Library/Ruby/Gems/1.8/gems/mongrel-1.1.5/bin/../lib/mongrel/rails.rb:74:in `synchronize'
    /Library/Ruby/Gems/1.8/gems/mongrel-1.1.5/bin/../lib/mongrel/rails.rb:74:in `process'
    /Library/Ruby/Gems/1.8/gems/mongrel-1.1.5/lib/mongrel.rb:159:in `process_client'
    /Library/Ruby/Gems/1.8/gems/mongrel-1.1.5/lib/mongrel.rb:158:in `each'
    /Library/Ruby/Gems/1.8/gems/mongrel-1.1.5/lib/mongrel.rb:158:in `process_client'
    /Library/Ruby/Gems/1.8/gems/mongrel-1.1.5/lib/mongrel.rb:285:in `run'
    /Library/Ruby/Gems/1.8/gems/mongrel-1.1.5/lib/mongrel.rb:285:in `initialize'
    /Library/Ruby/Gems/1.8/gems/mongrel-1.1.5/lib/mongrel.rb:285:in `new'
    /Library/Ruby/Gems/1.8/gems/mongrel-1.1.5/lib/mongrel.rb:285:in `run'
    /Library/Ruby/Gems/1.8/gems/mongrel-1.1.5/lib/mongrel.rb:268:in `initialize'
    /Library/Ruby/Gems/1.8/gems/mongrel-1.1.5/lib/mongrel.rb:268:in `new'
    /Library/Ruby/Gems/1.8/gems/mongrel-1.1.5/lib/mongrel.rb:268:in `run'
    /Library/Ruby/Gems/1.8/gems/mongrel-1.1.5/lib/mongrel/configurator.rb:282:in `run'
    /Library/Ruby/Gems/1.8/gems/mongrel-1.1.5/lib/mongrel/configurator.rb:281:in `each'
    /Library/Ruby/Gems/1.8/gems/mongrel-1.1.5/lib/mongrel/configurator.rb:281:in `run'
    /Library/Ruby/Gems/1.8/gems/mongrel-1.1.5/bin/mongrel_rails:128:in `run'
    /Library/Ruby/Gems/1.8/gems/mongrel-1.1.5/lib/mongrel/command.rb:212:in `run'
    /Library/Ruby/Gems/1.8/gems/mongrel-1.1.5/bin/mongrel_rails:281
    /vendor/rails/activesupport/lib/active_support/dependencies.rb:503:in `load'
    /vendor/rails/activesupport/lib/active_support/dependencies.rb:503:in `load'
    /vendor/rails/activesupport/lib/active_support/dependencies.rb:355:in `new_constants_in'
    /vendor/rails/activesupport/lib/active_support/dependencies.rb:503:in `load'
    /vendor/rails/railties/lib/commands/servers/mongrel.rb:64
    /Library/Ruby/Site/1.8/rubygems/custom_require.rb:27:in `gem_original_require'
    /Library/Ruby/Site/1.8/rubygems/custom_require.rb:27:in `require'
    /vendor/rails/activesupport/lib/active_support/dependencies.rb:510:in `require'
    /vendor/rails/activesupport/lib/active_support/dependencies.rb:355:in `new_constants_in'
    /vendor/rails/activesupport/lib/active_support/dependencies.rb:510:in `require'
    /vendor/rails/railties/lib/commands/server.rb:39
    /Library/Ruby/Site/1.8/rubygems/custom_require.rb:27:in `gem_original_require'
    /Library/Ruby/Site/1.8/rubygems/custom_require.rb:27:in `require'
    script/server:3

Rendering /Users/Frank/rails/rails_funda/vendor/rails/actionpack/lib/action_controller/templates/rescues/layout.erb (internal_server_error)


Processing SessionsController#destroy (for 127.0.0.1 at 2008-09-05 11:52:24) [GET]
  Session ID: BAh7ByIKZmxhc2hJQzonQWN0aW9uQ29udHJvbGxlcjo6Rmxhc2g6OkZsYXNo
SGFzaHsABjoKQHVzZWR7ADoMY3NyZl9pZCIlNzk2OGEyY2ZjNmEwZTBmMjUx
OTA5MTdiM2VjMGNiMmI=--b9cc6903307a051471cb9803071230dddad3d9fc
  Parameters: {"action"=>"destroy", "controller"=>"sessions"}


NameError ("Plugins::Restful-authentication::Lib" is not a valid constant name!):
    /vendor/rails/activesupport/lib/active_support/dependencies.rb:116:in `qualified_const_defined?'
    /vendor/rails/activesupport/lib/active_support/dependencies.rb:339:in `new_constants_in'
    /vendor/rails/activesupport/lib/active_support/dependencies.rb:331:in `collect'
    /vendor/rails/activesupport/lib/active_support/dependencies.rb:331:in `new_constants_in'
    /vendor/rails/activesupport/lib/active_support/dependencies.rb:215:in `load_file'
    /vendor/rails/activesupport/lib/active_support/dependencies.rb:96:in `require_or_load'
    /vendor/rails/activesupport/lib/active_support/dependencies.rb:261:in `load_missing_constant'
    /vendor/rails/activesupport/lib/active_support/dependencies.rb:468:in `const_missing'
    /vendor/rails/activesupport/lib/active_support/dependencies.rb:480:in `const_missing'
    /vendor/rails/activesupport/lib/active_support/dependencies.rb:486:in `send'
    /vendor/rails/activesupport/lib/active_support/dependencies.rb:486:in `const_missing'
    /app/models/user.rb:7
    /vendor/rails/activesupport/lib/active_support/dependencies.rb:216:in `load_without_new_constant_marking'
    /vendor/rails/activesupport/lib/active_support/dependencies.rb:216:in `load_file'
    /vendor/rails/activesupport/lib/active_support/dependencies.rb:355:in `new_constants_in'
    /vendor/rails/activesupport/lib/active_support/dependencies.rb:215:in `load_file'
    /vendor/rails/activesupport/lib/active_support/dependencies.rb:96:in `require_or_load'
    /vendor/rails/activesupport/lib/active_support/dependencies.rb:261:in `load_missing_constant'
    /vendor/rails/activesupport/lib/active_support/dependencies.rb:468:in `const_missing'
    /vendor/rails/activesupport/lib/active_support/dependencies.rb:480:in `const_missing'
    /vendor/rails/activesupport/lib/active_support/dependencies.rb:273:in `load_missing_constant'
    /vendor/rails/activesupport/lib/active_support/dependencies.rb:468:in `const_missing'
    /lib/authenticated_system.rb:137:in `logout_keeping_session!'
    /lib/authenticated_system.rb:148:in `logout_killing_session!'
    /app/controllers/sessions_controller.rb:32:in `destroy'
    /vendor/rails/actionpack/lib/action_controller/base.rb:1166:in `send'
    /vendor/rails/actionpack/lib/action_controller/base.rb:1166:in `perform_action_without_filters'
    /vendor/rails/actionpack/lib/action_controller/filters.rb:579:in `call_filters'
    /vendor/rails/actionpack/lib/action_controller/filters.rb:572:in `perform_action_without_benchmark'
    /vendor/rails/actionpack/lib/action_controller/benchmarking.rb:68:in `perform_action_without_rescue'
    /System/Library/Frameworks/Ruby.framework/Versions/1.8/usr/lib/ruby/1.8/benchmark.rb:293:in `measure'
    /vendor/rails/actionpack/lib/action_controller/benchmarking.rb:68:in `perform_action_without_rescue'
    /vendor/rails/actionpack/lib/action_controller/rescue.rb:201:in `perform_action_without_caching'
    /vendor/rails/actionpack/lib/action_controller/caching/sql_cache.rb:13:in `perform_action'
    /vendor/rails/activerecord/lib/active_record/connection_adapters/abstract/query_cache.rb:33:in `cache'
    /vendor/rails/activerecord/lib/active_record/query_cache.rb:8:in `cache'
    /vendor/rails/actionpack/lib/action_controller/caching/sql_cache.rb:12:in `perform_action'
    /vendor/rails/actionpack/lib/action_controller/base.rb:529:in `send'
    /vendor/rails/actionpack/lib/action_controller/base.rb:529:in `process_without_filters'
    /vendor/rails/actionpack/lib/action_controller/filters.rb:568:in `process_without_session_management_support'
    /vendor/rails/actionpack/lib/action_controller/session_management.rb:130:in `process'
    /vendor/rails/actionpack/lib/action_controller/base.rb:389:in `process'
    /vendor/rails/actionpack/lib/action_controller/dispatcher.rb:149:in `handle_request'
    /vendor/rails/actionpack/lib/action_controller/dispatcher.rb:107:in `dispatch'
    /vendor/rails/actionpack/lib/action_controller/dispatcher.rb:104:in `synchronize'
    /vendor/rails/actionpack/lib/action_controller/dispatcher.rb:104:in `dispatch'
    /vendor/rails/actionpack/lib/action_controller/dispatcher.rb:120:in `dispatch_cgi'
    /vendor/rails/actionpack/lib/action_controller/dispatcher.rb:35:in `dispatch'
    /Library/Ruby/Gems/1.8/gems/mongrel-1.1.5/bin/../lib/mongrel/rails.rb:76:in `process'
    /Library/Ruby/Gems/1.8/gems/mongrel-1.1.5/bin/../lib/mongrel/rails.rb:74:in `synchronize'
    /Library/Ruby/Gems/1.8/gems/mongrel-1.1.5/bin/../lib/mongrel/rails.rb:74:in `process'
    /Library/Ruby/Gems/1.8/gems/mongrel-1.1.5/lib/mongrel.rb:159:in `process_client'
    /Library/Ruby/Gems/1.8/gems/mongrel-1.1.5/lib/mongrel.rb:158:in `each'
    /Library/Ruby/Gems/1.8/gems/mongrel-1.1.5/lib/mongrel.rb:158:in `process_client'
    /Library/Ruby/Gems/1.8/gems/mongrel-1.1.5/lib/mongrel.rb:285:in `run'
    /Library/Ruby/Gems/1.8/gems/mongrel-1.1.5/lib/mongrel.rb:285:in `initialize'
    /Library/Ruby/Gems/1.8/gems/mongrel-1.1.5/lib/mongrel.rb:285:in `new'
    /Library/Ruby/Gems/1.8/gems/mongrel-1.1.5/lib/mongrel.rb:285:in `run'
    /Library/Ruby/Gems/1.8/gems/mongrel-1.1.5/lib/mongrel.rb:268:in `initialize'
    /Library/Ruby/Gems/1.8/gems/mongrel-1.1.5/lib/mongrel.rb:268:in `new'
    /Library/Ruby/Gems/1.8/gems/mongrel-1.1.5/lib/mongrel.rb:268:in `run'
    /Library/Ruby/Gems/1.8/gems/mongrel-1.1.5/lib/mongrel/configurator.rb:282:in `run'
    /Library/Ruby/Gems/1.8/gems/mongrel-1.1.5/lib/mongrel/configurator.rb:281:in `each'
    /Library/Ruby/Gems/1.8/gems/mongrel-1.1.5/lib/mongrel/configurator.rb:281:in `run'
    /Library/Ruby/Gems/1.8/gems/mongrel-1.1.5/bin/mongrel_rails:128:in `run'
    /Library/Ruby/Gems/1.8/gems/mongrel-1.1.5/lib/mongrel/command.rb:212:in `run'
    /Library/Ruby/Gems/1.8/gems/mongrel-1.1.5/bin/mongrel_rails:281
    /vendor/rails/activesupport/lib/active_support/dependencies.rb:503:in `load'
    /vendor/rails/activesupport/lib/active_support/dependencies.rb:503:in `load'
    /vendor/rails/activesupport/lib/active_support/dependencies.rb:355:in `new_constants_in'
    /vendor/rails/activesupport/lib/active_support/dependencies.rb:503:in `load'
    /vendor/rails/railties/lib/commands/servers/mongrel.rb:64
    /Library/Ruby/Site/1.8/rubygems/custom_require.rb:27:in `gem_original_require'
    /Library/Ruby/Site/1.8/rubygems/custom_require.rb:27:in `require'
    /vendor/rails/activesupport/lib/active_support/dependencies.rb:510:in `require'
    /vendor/rails/activesupport/lib/active_support/dependencies.rb:355:in `new_constants_in'
    /vendor/rails/activesupport/lib/active_support/dependencies.rb:510:in `require'
    /vendor/rails/railties/lib/commands/server.rb:39
    /Library/Ruby/Site/1.8/rubygems/custom_require.rb:27:in `gem_original_require'
    /Library/Ruby/Site/1.8/rubygems/custom_require.rb:27:in `require'
    script/server:3

Rendering /Users/Frank/rails/rails_funda/vendor/rails/actionpack/lib/action_controller/templates/rescues/layout.erb (internal_server_error)


Processing UsersController#new (for 127.0.0.1 at 2008-09-05 11:58:57) [GET]
  Session ID: BAh7ByIKZmxhc2hJQzonQWN0aW9uQ29udHJvbGxlcjo6Rmxhc2g6OkZsYXNo
SGFzaHsABjoKQHVzZWR7ADoMY3NyZl9pZCIlNzk2OGEyY2ZjNmEwZTBmMjUx
OTA5MTdiM2VjMGNiMmI=--b9cc6903307a051471cb9803071230dddad3d9fc
  Parameters: {"action"=>"new", "controller"=>"users"}


NameError ("Plugins::Restful-authentication::Lib" is not a valid constant name!):
    /vendor/rails/activesupport/lib/active_support/dependencies.rb:116:in `qualified_const_defined?'
    /vendor/rails/activesupport/lib/active_support/dependencies.rb:339:in `new_constants_in'
    /vendor/rails/activesupport/lib/active_support/dependencies.rb:331:in `collect'
    /vendor/rails/activesupport/lib/active_support/dependencies.rb:331:in `new_constants_in'
    /vendor/rails/activesupport/lib/active_support/dependencies.rb:215:in `load_file'
    /vendor/rails/activesupport/lib/active_support/dependencies.rb:96:in `require_or_load'
    /vendor/rails/activesupport/lib/active_support/dependencies.rb:261:in `load_missing_constant'
    /vendor/rails/activesupport/lib/active_support/dependencies.rb:468:in `const_missing'
    /vendor/rails/activesupport/lib/active_support/dependencies.rb:480:in `const_missing'
    /vendor/rails/activesupport/lib/active_support/dependencies.rb:486:in `send'
    /vendor/rails/activesupport/lib/active_support/dependencies.rb:486:in `const_missing'
    /app/models/user.rb:7
    /vendor/rails/activesupport/lib/active_support/dependencies.rb:216:in `load_without_new_constant_marking'
    /vendor/rails/activesupport/lib/active_support/dependencies.rb:216:in `load_file'
    /vendor/rails/activesupport/lib/active_support/dependencies.rb:355:in `new_constants_in'
    /vendor/rails/activesupport/lib/active_support/dependencies.rb:215:in `load_file'
    /vendor/rails/activesupport/lib/active_support/dependencies.rb:96:in `require_or_load'
    /vendor/rails/activesupport/lib/active_support/dependencies.rb:261:in `load_missing_constant'
    /vendor/rails/activesupport/lib/active_support/dependencies.rb:468:in `const_missing'
    /vendor/rails/activesupport/lib/active_support/dependencies.rb:480:in `const_missing'
    /vendor/rails/activesupport/lib/active_support/dependencies.rb:486:in `send'
    /vendor/rails/activesupport/lib/active_support/dependencies.rb:486:in `const_missing'
    /app/controllers/users_controller.rb:12:in `new'
    /vendor/rails/actionpack/lib/action_controller/base.rb:1166:in `send'
    /vendor/rails/actionpack/lib/action_controller/base.rb:1166:in `perform_action_without_filters'
    /vendor/rails/actionpack/lib/action_controller/filters.rb:579:in `call_filters'
    /vendor/rails/actionpack/lib/action_controller/filters.rb:572:in `perform_action_without_benchmark'
    /vendor/rails/actionpack/lib/action_controller/benchmarking.rb:68:in `perform_action_without_rescue'
    /System/Library/Frameworks/Ruby.framework/Versions/1.8/usr/lib/ruby/1.8/benchmark.rb:293:in `measure'
    /vendor/rails/actionpack/lib/action_controller/benchmarking.rb:68:in `perform_action_without_rescue'
    /vendor/rails/actionpack/lib/action_controller/rescue.rb:201:in `perform_action_without_caching'
    /vendor/rails/actionpack/lib/action_controller/caching/sql_cache.rb:13:in `perform_action'
    /vendor/rails/activerecord/lib/active_record/connection_adapters/abstract/query_cache.rb:33:in `cache'
    /vendor/rails/activerecord/lib/active_record/query_cache.rb:8:in `cache'
    /vendor/rails/actionpack/lib/action_controller/caching/sql_cache.rb:12:in `perform_action'
    /vendor/rails/actionpack/lib/action_controller/base.rb:529:in `send'
    /vendor/rails/actionpack/lib/action_controller/base.rb:529:in `process_without_filters'
    /vendor/rails/actionpack/lib/action_controller/filters.rb:568:in `process_without_session_management_support'
    /vendor/rails/actionpack/lib/action_controller/session_management.rb:130:in `process'
    /vendor/rails/actionpack/lib/action_controller/base.rb:389:in `process'
    /vendor/rails/actionpack/lib/action_controller/dispatcher.rb:149:in `handle_request'
    /vendor/rails/actionpack/lib/action_controller/dispatcher.rb:107:in `dispatch'
    /vendor/rails/actionpack/lib/action_controller/dispatcher.rb:104:in `synchronize'
    /vendor/rails/actionpack/lib/action_controller/dispatcher.rb:104:in `dispatch'
    /vendor/rails/actionpack/lib/action_controller/dispatcher.rb:120:in `dispatch_cgi'
    /vendor/rails/actionpack/lib/action_controller/dispatcher.rb:35:in `dispatch'
    /Library/Ruby/Gems/1.8/gems/mongrel-1.1.5/bin/../lib/mongrel/rails.rb:76:in `process'
    /Library/Ruby/Gems/1.8/gems/mongrel-1.1.5/bin/../lib/mongrel/rails.rb:74:in `synchronize'
    /Library/Ruby/Gems/1.8/gems/mongrel-1.1.5/bin/../lib/mongrel/rails.rb:74:in `process'
    /Library/Ruby/Gems/1.8/gems/mongrel-1.1.5/lib/mongrel.rb:159:in `process_client'
    /Library/Ruby/Gems/1.8/gems/mongrel-1.1.5/lib/mongrel.rb:158:in `each'
    /Library/Ruby/Gems/1.8/gems/mongrel-1.1.5/lib/mongrel.rb:158:in `process_client'
    /Library/Ruby/Gems/1.8/gems/mongrel-1.1.5/lib/mongrel.rb:285:in `run'
    /Library/Ruby/Gems/1.8/gems/mongrel-1.1.5/lib/mongrel.rb:285:in `initialize'
    /Library/Ruby/Gems/1.8/gems/mongrel-1.1.5/lib/mongrel.rb:285:in `new'
    /Library/Ruby/Gems/1.8/gems/mongrel-1.1.5/lib/mongrel.rb:285:in `run'
    /Library/Ruby/Gems/1.8/gems/mongrel-1.1.5/lib/mongrel.rb:268:in `initialize'
    /Library/Ruby/Gems/1.8/gems/mongrel-1.1.5/lib/mongrel.rb:268:in `new'
    /Library/Ruby/Gems/1.8/gems/mongrel-1.1.5/lib/mongrel.rb:268:in `run'
    /Library/Ruby/Gems/1.8/gems/mongrel-1.1.5/lib/mongrel/configurator.rb:282:in `run'
    /Library/Ruby/Gems/1.8/gems/mongrel-1.1.5/lib/mongrel/configurator.rb:281:in `each'
    /Library/Ruby/Gems/1.8/gems/mongrel-1.1.5/lib/mongrel/configurator.rb:281:in `run'
    /Library/Ruby/Gems/1.8/gems/mongrel-1.1.5/bin/mongrel_rails:128:in `run'
    /Library/Ruby/Gems/1.8/gems/mongrel-1.1.5/lib/mongrel/command.rb:212:in `run'
    /Library/Ruby/Gems/1.8/gems/mongrel-1.1.5/bin/mongrel_rails:281
    /vendor/rails/activesupport/lib/active_support/dependencies.rb:503:in `load'
    /vendor/rails/activesupport/lib/active_support/dependencies.rb:503:in `load'
    /vendor/rails/activesupport/lib/active_support/dependencies.rb:355:in `new_constants_in'
    /vendor/rails/activesupport/lib/active_support/dependencies.rb:503:in `load'
    /vendor/rails/railties/lib/commands/servers/mongrel.rb:64
    /Library/Ruby/Site/1.8/rubygems/custom_require.rb:27:in `gem_original_require'
    /Library/Ruby/Site/1.8/rubygems/custom_require.rb:27:in `require'
    /vendor/rails/activesupport/lib/active_support/dependencies.rb:510:in `require'
    /vendor/rails/activesupport/lib/active_support/dependencies.rb:355:in `new_constants_in'
    /vendor/rails/activesupport/lib/active_support/dependencies.rb:510:in `require'
    /vendor/rails/railties/lib/commands/server.rb:39
    /Library/Ruby/Site/1.8/rubygems/custom_require.rb:27:in `gem_original_require'
    /Library/Ruby/Site/1.8/rubygems/custom_require.rb:27:in `require'
    script/server:3

Rendering /Users/Frank/rails/rails_funda/vendor/rails/actionpack/lib/action_controller/templates/rescues/layout.erb (internal_server_error)


Processing UsersController#new (for 127.0.0.1 at 2008-09-05 12:00:09) [GET]
  Session ID: BAh7ByIKZmxhc2hJQzonQWN0aW9uQ29udHJvbGxlcjo6Rmxhc2g6OkZsYXNo
SGFzaHsABjoKQHVzZWR7ADoMY3NyZl9pZCIlNzk2OGEyY2ZjNmEwZTBmMjUx
OTA5MTdiM2VjMGNiMmI=--b9cc6903307a051471cb9803071230dddad3d9fc
  Parameters: {"action"=>"new", "controller"=>"users"}


NameError (uninitialized constant User::Authorization):
    /vendor/rails/activesupport/lib/active_support/dependencies.rb:493:in `const_missing'
    /app/models/user.rb:7
    /vendor/rails/activesupport/lib/active_support/dependencies.rb:216:in `load_without_new_constant_marking'
    /vendor/rails/activesupport/lib/active_support/dependencies.rb:216:in `load_file'
    /vendor/rails/activesupport/lib/active_support/dependencies.rb:355:in `new_constants_in'
    /vendor/rails/activesupport/lib/active_support/dependencies.rb:215:in `load_file'
    /vendor/rails/activesupport/lib/active_support/dependencies.rb:96:in `require_or_load'
    /vendor/rails/activesupport/lib/active_support/dependencies.rb:261:in `load_missing_constant'
    /vendor/rails/activesupport/lib/active_support/dependencies.rb:468:in `const_missing'
    /vendor/rails/activesupport/lib/active_support/dependencies.rb:480:in `const_missing'
    /vendor/rails/activesupport/lib/active_support/dependencies.rb:486:in `send'
    /vendor/rails/activesupport/lib/active_support/dependencies.rb:486:in `const_missing'
    /app/controllers/users_controller.rb:12:in `new'
    /vendor/rails/actionpack/lib/action_controller/base.rb:1166:in `send'
    /vendor/rails/actionpack/lib/action_controller/base.rb:1166:in `perform_action_without_filters'
    /vendor/rails/actionpack/lib/action_controller/filters.rb:579:in `call_filters'
    /vendor/rails/actionpack/lib/action_controller/filters.rb:572:in `perform_action_without_benchmark'
    /vendor/rails/actionpack/lib/action_controller/benchmarking.rb:68:in `perform_action_without_rescue'
    /System/Library/Frameworks/Ruby.framework/Versions/1.8/usr/lib/ruby/1.8/benchmark.rb:293:in `measure'
    /vendor/rails/actionpack/lib/action_controller/benchmarking.rb:68:in `perform_action_without_rescue'
    /vendor/rails/actionpack/lib/action_controller/rescue.rb:201:in `perform_action_without_caching'
    /vendor/rails/actionpack/lib/action_controller/caching/sql_cache.rb:13:in `perform_action'
    /vendor/rails/activerecord/lib/active_record/connection_adapters/abstract/query_cache.rb:33:in `cache'
    /vendor/rails/activerecord/lib/active_record/query_cache.rb:8:in `cache'
    /vendor/rails/actionpack/lib/action_controller/caching/sql_cache.rb:12:in `perform_action'
    /vendor/rails/actionpack/lib/action_controller/base.rb:529:in `send'
    /vendor/rails/actionpack/lib/action_controller/base.rb:529:in `process_without_filters'
    /vendor/rails/actionpack/lib/action_controller/filters.rb:568:in `process_without_session_management_support'
    /vendor/rails/actionpack/lib/action_controller/session_management.rb:130:in `process'
    /vendor/rails/actionpack/lib/action_controller/base.rb:389:in `process'
    /vendor/rails/actionpack/lib/action_controller/dispatcher.rb:149:in `handle_request'
    /vendor/rails/actionpack/lib/action_controller/dispatcher.rb:107:in `dispatch'
    /vendor/rails/actionpack/lib/action_controller/dispatcher.rb:104:in `synchronize'
    /vendor/rails/actionpack/lib/action_controller/dispatcher.rb:104:in `dispatch'
    /vendor/rails/actionpack/lib/action_controller/dispatcher.rb:120:in `dispatch_cgi'
    /vendor/rails/actionpack/lib/action_controller/dispatcher.rb:35:in `dispatch'
    /Library/Ruby/Gems/1.8/gems/mongrel-1.1.5/bin/../lib/mongrel/rails.rb:76:in `process'
    /Library/Ruby/Gems/1.8/gems/mongrel-1.1.5/bin/../lib/mongrel/rails.rb:74:in `synchronize'
    /Library/Ruby/Gems/1.8/gems/mongrel-1.1.5/bin/../lib/mongrel/rails.rb:74:in `process'
    /Library/Ruby/Gems/1.8/gems/mongrel-1.1.5/lib/mongrel.rb:159:in `process_client'
    /Library/Ruby/Gems/1.8/gems/mongrel-1.1.5/lib/mongrel.rb:158:in `each'
    /Library/Ruby/Gems/1.8/gems/mongrel-1.1.5/lib/mongrel.rb:158:in `process_client'
    /Library/Ruby/Gems/1.8/gems/mongrel-1.1.5/lib/mongrel.rb:285:in `run'
    /Library/Ruby/Gems/1.8/gems/mongrel-1.1.5/lib/mongrel.rb:285:in `initialize'
    /Library/Ruby/Gems/1.8/gems/mongrel-1.1.5/lib/mongrel.rb:285:in `new'
    /Library/Ruby/Gems/1.8/gems/mongrel-1.1.5/lib/mongrel.rb:285:in `run'
    /Library/Ruby/Gems/1.8/gems/mongrel-1.1.5/lib/mongrel.rb:268:in `initialize'
    /Library/Ruby/Gems/1.8/gems/mongrel-1.1.5/lib/mongrel.rb:268:in `new'
    /Library/Ruby/Gems/1.8/gems/mongrel-1.1.5/lib/mongrel.rb:268:in `run'
    /Library/Ruby/Gems/1.8/gems/mongrel-1.1.5/lib/mongrel/configurator.rb:282:in `run'
    /Library/Ruby/Gems/1.8/gems/mongrel-1.1.5/lib/mongrel/configurator.rb:281:in `each'
    /Library/Ruby/Gems/1.8/gems/mongrel-1.1.5/lib/mongrel/configurator.rb:281:in `run'
    /Library/Ruby/Gems/1.8/gems/mongrel-1.1.5/bin/mongrel_rails:128:in `run'
    /Library/Ruby/Gems/1.8/gems/mongrel-1.1.5/lib/mongrel/command.rb:212:in `run'
    /Library/Ruby/Gems/1.8/gems/mongrel-1.1.5/bin/mongrel_rails:281
    /vendor/rails/activesupport/lib/active_support/dependencies.rb:503:in `load'
    /vendor/rails/activesupport/lib/active_support/dependencies.rb:503:in `load'
    /vendor/rails/activesupport/lib/active_support/dependencies.rb:355:in `new_constants_in'
    /vendor/rails/activesupport/lib/active_support/dependencies.rb:503:in `load'
    /vendor/rails/railties/lib/commands/servers/mongrel.rb:64
    /Library/Ruby/Site/1.8/rubygems/custom_require.rb:27:in `gem_original_require'
    /Library/Ruby/Site/1.8/rubygems/custom_require.rb:27:in `require'
    /vendor/rails/activesupport/lib/active_support/dependencies.rb:510:in `require'
    /vendor/rails/activesupport/lib/active_support/dependencies.rb:355:in `new_constants_in'
    /vendor/rails/activesupport/lib/active_support/dependencies.rb:510:in `require'
    /vendor/rails/railties/lib/commands/server.rb:39
    /Library/Ruby/Site/1.8/rubygems/custom_require.rb:27:in `gem_original_require'
    /Library/Ruby/Site/1.8/rubygems/custom_require.rb:27:in `require'
    script/server:3

Rendering /Users/Frank/rails/rails_funda/vendor/rails/actionpack/lib/action_controller/templates/rescues/layout.erb (internal_server_error)


Processing UsersController#new (for 127.0.0.1 at 2008-09-05 12:00:27) [GET]
  Session ID: BAh7ByIKZmxhc2hJQzonQWN0aW9uQ29udHJvbGxlcjo6Rmxhc2g6OkZsYXNo
SGFzaHsABjoKQHVzZWR7ADoMY3NyZl9pZCIlNzk2OGEyY2ZjNmEwZTBmMjUx
OTA5MTdiM2VjMGNiMmI=--b9cc6903307a051471cb9803071230dddad3d9fc
  Parameters: {"action"=>"new", "controller"=>"users"}
  [4;36;1mSQL (0.000307)[0m   [0;1mSET NAMES 'utf8'[0m
  [4;35;1mSQL (0.000089)[0m   [0mSET SQL_AUTO_IS_NULL=0[0m
  [4;36;1mUser Columns (0.006280)[0m   [0;1mSHOW FIELDS FROM `users`[0m
Rendering users/new
Completed in 0.15766 (6 reqs/sec) | Rendering: 0.14662 (92%) | DB: 0.00668 (4%) | 200 OK [http://local.host/signup]


Processing UsersController#create (for 127.0.0.1 at 2008-09-05 12:00:40) [POST]
  Session ID: BAh7BzoMY3NyZl9pZCIlNzk2OGEyY2ZjNmEwZTBmMjUxOTA5MTdiM2VjMGNi
MmIiCmZsYXNoSUM6J0FjdGlvbkNvbnRyb2xsZXI6OkZsYXNoOjpGbGFzaEhh
c2h7AAY6CkB1c2VkewA=--4b9e2fe6d5a4ae15247ed3aba2221e78e5dff446
  Parameters: {"user"=>{"password_confirmation"=>"dovadi", "login"=>"dovadi", "password"=>"dovadi", "email"=>"frank.oxener@gmail.com"}, "commit"=>"Sign up", "authenticity_token"=>"a99a85d2efa8c23a25c675106d4f2c21b7a4265f", "action"=>"create", "controller"=>"users"}
Cookie set: auth_token=; path=/; expires=Thu, 01 Jan 1970 00:00:00 GMT
  [4;35;1mUser Columns (0.003218)[0m   [0mSHOW FIELDS FROM `users`[0m
  [4;36;1mSQL (0.002120)[0m   [0;1mSELECT `login` FROM `users` WHERE (`users`.login = 'dovadi') [0m
  [4;35;1mSQL (0.000182)[0m   [0mSELECT `email` FROM `users` WHERE (`users`.email = 'frank.oxener@gmail.com') [0m
  [4;36;1mSQL (0.000086)[0m   [0;1mBEGIN[0m
  [4;35;1mUser Create (0.000349)[0m   [0mINSERT INTO `users` (`name`, `salt`, `updated_at`, `activated_at`, `crypted_password`, `deleted_at`, `remember_token_expires_at`, `activation_code`, `remember_token`, `login`, `email`, `created_at`, `state`) VALUES('', '2aa10d4b86a6800903ea7e49826f1e21dfaf0dde', '2008-09-05 10:00:40', NULL, '5e0808ae9b35c8909815c08294aa05dfd7064541', NULL, NULL, '61b1a5bf3bbaa4207f3cdc867f05bb6f2f69751c', NULL, 'dovadi', 'frank.oxener@gmail.com', '2008-09-05 10:00:40', 'pending')[0m
Sent mail to frank.oxener@gmail.com

Date: Fri, 5 Sep 2008 12:00:40 +0200
From: ADMINEMAIL
To: frank.oxener@gmail.com
Subject: [YOURSITE] Please activate your new account
Mime-Version: 1.0
Content-Type: text/plain; charset=utf-8

Your account has been created.

  Username: dovadi
  Password: dovadi

Visit this url to activate your account:

  http://YOURSITE/activate/61b1a5bf3bbaa4207f3cdc867f05bb6f2f69751c
  [4;36;1mSQL (0.000476)[0m   [0;1mCOMMIT[0m
  [4;35;1mSQL (0.000303)[0m   [0mSELECT `login` FROM `users` WHERE (`users`.login = 'dovadi' AND `users`.id <> 1) [0m
  [4;36;1mSQL (0.000225)[0m   [0;1mSELECT `email` FROM `users` WHERE (`users`.email = 'frank.oxener@gmail.com' AND `users`.id <> 1) [0m
Redirected to http://local.host:3000/
Completed in 0.04459 (22 reqs/sec) | DB: 0.00696 (15%) | 302 Found [http://local.host/users]


Processing SessionsController#destroy (for 127.0.0.1 at 2008-09-05 12:00:47) [GET]
  Session ID: BAh7CToMY3NyZl9pZCIlNzk2OGEyY2ZjNmEwZTBmMjUxOTA5MTdiM2VjMGNi
MmI6DnJldHVybl90bzA6DHVzZXJfaWQwIgpmbGFzaElDOidBY3Rpb25Db250
cm9sbGVyOjpGbGFzaDo6Rmxhc2hIYXNoewY6C25vdGljZSJSVGhhbmtzIGZv
ciBzaWduaW5nIHVwISAgV2UncmUgc2VuZGluZyB5b3UgYW4gZW1haWwgd2l0
aCB5b3VyIGFjdGl2YXRpb24gY29kZS4GOgpAdXNlZHsGOwlG--ff16faca1172ee4467c176e1660fb7ba5156dc49
  Parameters: {"action"=>"destroy", "controller"=>"sessions"}
Cookie set: auth_token=; path=/; expires=Thu, 01 Jan 1970 00:00:00 GMT
Redirected to http://local.host:3000/
Completed in 0.06038 (16 reqs/sec) | DB: 0.00000 (0%) | 302 Found [http://local.host/logout]


Processing SessionsController#new (for 127.0.0.1 at 2008-09-05 12:00:51) [GET]
  Session ID: BAh7BzoOcmV0dXJuX3RvMCIKZmxhc2hJQzonQWN0aW9uQ29udHJvbGxlcjo6
Rmxhc2g6OkZsYXNoSGFzaHsGOgtub3RpY2UiHllvdSBoYXZlIGJlZW4gbG9n
Z2VkIG91dC4GOgpAdXNlZHsGOwdG--575613351e90e6d8e67c753b5d14f264475a7c43
  Parameters: {"action"=>"new", "controller"=>"sessions"}
Rendering sessions/new
Completed in 0.00763 (130 reqs/sec) | Rendering: 0.00501 (65%) | DB: 0.00000 (0%) | 200 OK [http://local.host/login]


Processing SessionsController#create (for 127.0.0.1 at 2008-09-05 12:00:57) [POST]
  Session ID: BAh7CDoMY3NyZl9pZCIlOGFhMjJhMzJlZmNkYzJmYWEwODlhNjUwNTViNGNj
YWM6DnJldHVybl90bzAiCmZsYXNoSUM6J0FjdGlvbkNvbnRyb2xsZXI6OkZs
YXNoOjpGbGFzaEhhc2h7BjoLbm90aWNlIh5Zb3UgaGF2ZSBiZWVuIGxvZ2dl
ZCBvdXQuBjoKQHVzZWR7BjsIVA==--8e8cdccf8ef7e323207192ac3e523b3aab5db6b9
  Parameters: {"commit"=>"Log in", "authenticity_token"=>"d43b853ba9ed711e7cf45c2163546725cc3ad647", "action"=>"create", "controller"=>"sessions", "password"=>"dovadi", "login"=>"dovadi"}
Cookie set: auth_token=; path=/; expires=Thu, 01 Jan 1970 00:00:00 GMT
  [4;35;1mUser Load (0.001237)[0m   [0mSELECT * FROM `users` WHERE (`users`.`login` = 'dovadi') AND (users.state = 'active') LIMIT 1[0m
Failed login for 'dovadi' from 127.0.0.1 at Fri Sep 05 10:00:57 UTC 2008
Rendering sessions/new
Completed in 0.00942 (106 reqs/sec) | Rendering: 0.00236 (25%) | DB: 0.00124 (13%) | 200 OK [http://local.host/session]


Processing SessionsController#create (for 127.0.0.1 at 2008-09-05 12:01:11) [POST]
  Session ID: BAh7CToMY3NyZl9pZCIlOGFhMjJhMzJlZmNkYzJmYWEwODlhNjUwNTViNGNj
YWM6DnJldHVybl90bzA6DHVzZXJfaWQwIgpmbGFzaElDOidBY3Rpb25Db250
cm9sbGVyOjpGbGFzaDo6Rmxhc2hIYXNoewY6CmVycm9yIiRDb3VsZG4ndCBs
b2cgeW91IGluIGFzICdkb3ZhZGknBjoKQHVzZWR7BjsJRg==--91e3ca2b34614346a93110774b45b8e65170a7d6
  Parameters: {"commit"=>"Log in", "authenticity_token"=>"d43b853ba9ed711e7cf45c2163546725cc3ad647", "action"=>"create", "controller"=>"sessions", "password"=>"", "login"=>"dovadi"}
Cookie set: auth_token=; path=/; expires=Thu, 01 Jan 1970 00:00:00 GMT
Failed login for 'dovadi' from 127.0.0.1 at Fri Sep 05 10:01:11 UTC 2008
Rendering sessions/new
Completed in 0.00750 (133 reqs/sec) | Rendering: 0.00143 (19%) | DB: 0.00000 (0%) | 200 OK [http://local.host/session]


Processing SessionsController#create (for 127.0.0.1 at 2008-09-05 12:01:13) [POST]
  Session ID: BAh7CToMY3NyZl9pZCIlOGFhMjJhMzJlZmNkYzJmYWEwODlhNjUwNTViNGNj
YWM6DnJldHVybl90bzAiCmZsYXNoSUM6J0FjdGlvbkNvbnRyb2xsZXI6OkZs
YXNoOjpGbGFzaEhhc2h7BjoKZXJyb3IiJENvdWxkbid0IGxvZyB5b3UgaW4g
YXMgJ2RvdmFkaScGOgpAdXNlZHsGOwhGOgx1c2VyX2lkMA==--10765b2a38d4c4094816bef67d2dec7804f726bf
  Parameters: {"commit"=>"Log in", "authenticity_token"=>"d43b853ba9ed711e7cf45c2163546725cc3ad647", "action"=>"create", "controller"=>"sessions", "password"=>"", "login"=>"dovadi"}
Cookie set: auth_token=; path=/; expires=Thu, 01 Jan 1970 00:00:00 GMT
Failed login for 'dovadi' from 127.0.0.1 at Fri Sep 05 10:01:13 UTC 2008
Rendering sessions/new
Completed in 0.00525 (190 reqs/sec) | Rendering: 0.00253 (48%) | DB: 0.00000 (0%) | 200 OK [http://local.host/session]


Processing SessionsController#create (for 127.0.0.1 at 2008-09-05 12:01:14) [POST]
  Session ID: BAh7CToMY3NyZl9pZCIlOGFhMjJhMzJlZmNkYzJmYWEwODlhNjUwNTViNGNj
YWM6DnJldHVybl90bzA6DHVzZXJfaWQwIgpmbGFzaElDOidBY3Rpb25Db250
cm9sbGVyOjpGbGFzaDo6Rmxhc2hIYXNoewY6CmVycm9yIiRDb3VsZG4ndCBs
b2cgeW91IGluIGFzICdkb3ZhZGknBjoKQHVzZWR7BjsJRg==--91e3ca2b34614346a93110774b45b8e65170a7d6
  Parameters: {"commit"=>"Log in", "authenticity_token"=>"d43b853ba9ed711e7cf45c2163546725cc3ad647", "action"=>"create", "controller"=>"sessions", "password"=>"", "login"=>"dovadi"}
Cookie set: auth_token=; path=/; expires=Thu, 01 Jan 1970 00:00:00 GMT
Failed login for 'dovadi' from 127.0.0.1 at Fri Sep 05 10:01:14 UTC 2008
Rendering sessions/new
Completed in 0.01339 (74 reqs/sec) | Rendering: 0.00265 (19%) | DB: 0.00000 (0%) | 200 OK [http://local.host/session]


Processing UsersController#new (for 127.0.0.1 at 2008-09-05 12:03:18) [GET]
  Session ID: BAh7CToMY3NyZl9pZCIlOGFhMjJhMzJlZmNkYzJmYWEwODlhNjUwNTViNGNj
YWM6DnJldHVybl90bzAiCmZsYXNoSUM6J0FjdGlvbkNvbnRyb2xsZXI6OkZs
YXNoOjpGbGFzaEhhc2h7BjoKZXJyb3IiJENvdWxkbid0IGxvZyB5b3UgaW4g
YXMgJ2RvdmFkaScGOgpAdXNlZHsGOwhGOgx1c2VyX2lkMA==--10765b2a38d4c4094816bef67d2dec7804f726bf
  Parameters: {"action"=>"new", "controller"=>"users"}
  [4;36;1mSQL (0.000258)[0m   [0;1mSET NAMES 'utf8'[0m
  [4;35;1mSQL (0.000083)[0m   [0mSET SQL_AUTO_IS_NULL=0[0m
  [4;36;1mUser Columns (0.016457)[0m   [0;1mSHOW FIELDS FROM `users`[0m
Rendering users/new
Completed in 0.18977 (5 reqs/sec) | Rendering: 0.16612 (87%) | DB: 0.01680 (8%) | 200 OK [http://local.host/signup]


Processing UsersController#create (for 127.0.0.1 at 2008-09-05 12:03:31) [POST]
  Session ID: BAh7CToMY3NyZl9pZCIlOGFhMjJhMzJlZmNkYzJmYWEwODlhNjUwNTViNGNj
YWM6DnJldHVybl90bzA6DHVzZXJfaWQwIgpmbGFzaElDOidBY3Rpb25Db250
cm9sbGVyOjpGbGFzaDo6Rmxhc2hIYXNoewY6CmVycm9yIiRDb3VsZG4ndCBs
b2cgeW91IGluIGFzICdkb3ZhZGknBjoKQHVzZWR7BjsJVA==--450f0c5c0b8fd17af05fd165f57122a4c7113b0e
  Parameters: {"user"=>{"password_confirmation"=>"dovadi", "login"=>"dovadi", "password"=>"dovadi", "email"=>"frank.oxener@gmail.com"}, "commit"=>"Sign up", "authenticity_token"=>"d43b853ba9ed711e7cf45c2163546725cc3ad647", "action"=>"create", "controller"=>"users"}
Cookie set: auth_token=; path=/; expires=Thu, 01 Jan 1970 00:00:00 GMT
  [4;35;1mUser Columns (0.005473)[0m   [0mSHOW FIELDS FROM `users`[0m
  [4;36;1mSQL (0.000374)[0m   [0;1mSELECT `login` FROM `users` WHERE (`users`.login = 'dovadi') [0m
  [4;35;1mSQL (0.000169)[0m   [0mSELECT `email` FROM `users` WHERE (`users`.email = 'frank.oxener@gmail.com') [0m
  [4;36;1mSQL (0.004592)[0m   [0;1mBEGIN[0m
  [4;35;1mUser Create (0.000417)[0m   [0mINSERT INTO `users` (`name`, `salt`, `updated_at`, `activated_at`, `crypted_password`, `deleted_at`, `remember_token_expires_at`, `activation_code`, `remember_token`, `login`, `email`, `created_at`, `state`) VALUES('', 'b1a4058eda04a751dc07345cb6589c7e18fe95d9', '2008-09-05 10:03:31', NULL, '29b79ae0a857779177bf038f450cfc49abec2c28', NULL, NULL, '182d0da56152d600f65951ba94c6355278ef1fd4', NULL, 'dovadi', 'frank.oxener@gmail.com', '2008-09-05 10:03:31', 'pending')[0m
Sent mail to frank.oxener@gmail.com

Date: Fri, 5 Sep 2008 12:03:31 +0200
From: ADMINEMAIL
To: frank.oxener@gmail.com
Subject: [YOURSITE] Please activate your new account
Mime-Version: 1.0
Content-Type: text/plain; charset=utf-8

Your account has been created.

  Username: dovadi
  Password: dovadi

Visit this url to activate your account:

  http://YOURSITE/activate/182d0da56152d600f65951ba94c6355278ef1fd4
  [4;36;1mSQL (0.000492)[0m   [0;1mCOMMIT[0m
  [4;35;1mSQL (0.000384)[0m   [0mSELECT `login` FROM `users` WHERE (`users`.login = 'dovadi' AND `users`.id <> 2) [0m
  [4;36;1mSQL (0.000376)[0m   [0;1mSELECT `email` FROM `users` WHERE (`users`.email = 'frank.oxener@gmail.com' AND `users`.id <> 2) [0m
Redirected to http://local.host:3000/
Completed in 0.47628 (2 reqs/sec) | DB: 0.01228 (2%) | 302 Found [http://local.host/users]


Processing UsersController#new (for 127.0.0.1 at 2008-09-05 12:07:53) [GET]
  Session ID: BAh7CToMY3NyZl9pZCIlOGFhMjJhMzJlZmNkYzJmYWEwODlhNjUwNTViNGNj
YWM6DnJldHVybl90bzAiCmZsYXNoSUM6J0FjdGlvbkNvbnRyb2xsZXI6OkZs
YXNoOjpGbGFzaEhhc2h7BjoLbm90aWNlIlJUaGFua3MgZm9yIHNpZ25pbmcg
dXAhICBXZSdyZSBzZW5kaW5nIHlvdSBhbiBlbWFpbCB3aXRoIHlvdXIgYWN0
aXZhdGlvbiBjb2RlLgY6CkB1c2VkewY7CEY6DHVzZXJfaWQw--cebafa85e0f6da3ae7fd5a9139565ff0bfddfe88
  Parameters: {"action"=>"new", "controller"=>"users"}
  [4;36;1mSQL (0.000256)[0m   [0;1mSET NAMES 'utf8'[0m
  [4;35;1mSQL (0.000084)[0m   [0mSET SQL_AUTO_IS_NULL=0[0m
  [4;36;1mUser Columns (0.002303)[0m   [0;1mSHOW FIELDS FROM `users`[0m
Rendering users/new
Completed in 0.14748 (6 reqs/sec) | Rendering: 0.13992 (94%) | DB: 0.00264 (1%) | 200 OK [http://local.host/signup]


Processing UsersController#create (for 127.0.0.1 at 2008-09-05 12:08:13) [POST]
  Session ID: BAh7CToMdXNlcl9pZDA6DGNzcmZfaWQiJThhYTIyYTMyZWZjZGMyZmFhMDg5
YTY1MDU1YjRjY2FjOg5yZXR1cm5fdG8wIgpmbGFzaElDOidBY3Rpb25Db250
cm9sbGVyOjpGbGFzaDo6Rmxhc2hIYXNoewY6C25vdGljZSJSVGhhbmtzIGZv
ciBzaWduaW5nIHVwISAgV2UncmUgc2VuZGluZyB5b3UgYW4gZW1haWwgd2l0
aCB5b3VyIGFjdGl2YXRpb24gY29kZS4GOgpAdXNlZHsGOwlU--de1a7d5c858536c09be2f3fa52ddcf7e94bcddf1
  Parameters: {"user"=>{"password_confirmation"=>"dovadi", "login"=>"dovadi", "password"=>"dovadi", "email"=>"frank.oxener@gmail.com"}, "commit"=>"Sign up", "authenticity_token"=>"d43b853ba9ed711e7cf45c2163546725cc3ad647", "action"=>"create", "controller"=>"users"}
Cookie set: auth_token=; path=/; expires=Thu, 01 Jan 1970 00:00:00 GMT
  [4;35;1mUser Columns (0.004285)[0m   [0mSHOW FIELDS FROM `users`[0m
  [4;36;1mSQL (0.000475)[0m   [0;1mSELECT `login` FROM `users` WHERE (`users`.login = 'dovadi') [0m
  [4;35;1mSQL (0.002348)[0m   [0mSELECT `email` FROM `users` WHERE (`users`.email = 'frank.oxener@gmail.com') [0m
  [4;36;1mSQL (0.000204)[0m   [0;1mBEGIN[0m
  [4;35;1mUser Create (0.000500)[0m   [0mINSERT INTO `users` (`name`, `salt`, `updated_at`, `activated_at`, `crypted_password`, `deleted_at`, `remember_token_expires_at`, `activation_code`, `remember_token`, `login`, `email`, `created_at`, `state`) VALUES('', 'ca5bec3c8e25c34900746596c44c08d6870f1ea8', '2008-09-05 10:08:13', NULL, 'fc56d12eda9313800b63679237bceb2b0497557b', NULL, NULL, '2c8ef6a4a86052d689762abd4bf40e3926b39e9a', NULL, 'dovadi', 'frank.oxener@gmail.com', '2008-09-05 10:08:13', 'pending')[0m
Sent mail to frank.oxener@gmail.com

Date: Fri, 5 Sep 2008 12:08:13 +0200
From: donotrepy@dovadi.com
To: frank.oxener@gmail.com
Subject: http://localhost:3000Please activate your new account
Mime-Version: 1.0
Content-Type: text/plain; charset=utf-8

Your account has been created.

  Username: dovadi
  Password: dovadi

Visit this url to activate your account:

  http://localhost:3000/activate/2c8ef6a4a86052d689762abd4bf40e3926b39e9a
  [4;36;1mSQL (0.010114)[0m   [0;1mCOMMIT[0m
  [4;35;1mSQL (0.000290)[0m   [0mSELECT `login` FROM `users` WHERE (`users`.login = 'dovadi' AND `users`.id <> 3) [0m
  [4;36;1mSQL (0.000331)[0m   [0;1mSELECT `email` FROM `users` WHERE (`users`.email = 'frank.oxener@gmail.com' AND `users`.id <> 3) [0m
Redirected to http://local.host:3000/
Completed in 0.36208 (2 reqs/sec) | DB: 0.01855 (5%) | 302 Found [http://local.host/users]


Processing UsersController#activate (for 127.0.0.1 at 2008-09-05 12:09:25) [GET]
  Session ID: aaf7483f1f347b05db534bf15082658e
  Parameters: {"action"=>"activate", "activation_code"=>"2c8ef6a4a86052d689762abd4bf40e3926b39e9a", "controller"=>"users"}
Cookie set: auth_token=; path=/; expires=Thu, 01 Jan 1970 00:00:00 GMT
  [4;35;1mUser Columns (0.002480)[0m   [0mSHOW FIELDS FROM `users`[0m
  [4;36;1mUser Load (0.002412)[0m   [0;1mSELECT * FROM `users` WHERE (`users`.`activation_code` = '2c8ef6a4a86052d689762abd4bf40e3926b39e9a') LIMIT 1[0m
  [4;35;1mSQL (0.000155)[0m   [0mBEGIN[0m
  [4;36;1mUser Update (0.000621)[0m   [0;1mUPDATE `users` SET `activated_at` = '2008-09-05 10:09:25', `activation_code` = NULL, `state` = 'active', `updated_at` = '2008-09-05 10:09:25' WHERE `id` = 3[0m
Sent mail to frank.oxener@gmail.com

Date: Fri, 5 Sep 2008 12:09:25 +0200
From: donotrepy@dovadi.com
To: frank.oxener@gmail.com
Subject: http://localhost:3000: Your account has been activated!
Mime-Version: 1.0
Content-Type: text/plain; charset=utf-8

dovadi, your account has been activated.  Welcome aboard!

  http://localhost:3000
  [4;35;1mSQL (0.002056)[0m   [0mCOMMIT[0m
Redirected to http://localhost:3000/login
Completed in 0.42430 (2 reqs/sec) | DB: 0.00772 (1%) | 302 Found [http://localhost/activate/2c8ef6a4a86052d689762abd4bf40e3926b39e9a]


Processing SessionsController#new (for 127.0.0.1 at 2008-09-05 12:09:26) [GET]
  Session ID: BAh7BzoMdXNlcl9pZDAiCmZsYXNoSUM6J0FjdGlvbkNvbnRyb2xsZXI6OkZs
YXNoOjpGbGFzaEhhc2h7BjoLbm90aWNlIjFTaWdudXAgY29tcGxldGUhIFBs
ZWFzZSBzaWduIGluIHRvIGNvbnRpbnVlLgY6CkB1c2VkewY7B0Y=--5a6a1bea9f992f3a43a358036607698c3e5b12ee
  Parameters: {"action"=>"new", "controller"=>"sessions"}
Rendering sessions/new
Completed in 0.01110 (90 reqs/sec) | Rendering: 0.00791 (71%) | DB: 0.00000 (0%) | 200 OK [http://localhost/login]


Processing SessionsController#create (for 127.0.0.1 at 2008-09-05 12:09:33) [POST]
  Session ID: BAh7CDoMdXNlcl9pZDA6DGNzcmZfaWQiJTQ5M2FhMTc3YWIyNDhjZGZkMzQx
Y2UyZTg0NzliMDgxIgpmbGFzaElDOidBY3Rpb25Db250cm9sbGVyOjpGbGFz
aDo6Rmxhc2hIYXNoewY6C25vdGljZSIxU2lnbnVwIGNvbXBsZXRlISBQbGVh
c2Ugc2lnbiBpbiB0byBjb250aW51ZS4GOgpAdXNlZHsGOwhU--9b2d9758aae8e2bb31f66ce947cacff131225f81
  Parameters: {"commit"=>"Log in", "authenticity_token"=>"b816a6d44987310c2b5d4de87f311970561d87fb", "action"=>"create", "controller"=>"sessions", "password"=>"dovadi", "login"=>"dovadi"}
Cookie set: auth_token=; path=/; expires=Thu, 01 Jan 1970 00:00:00 GMT
  [4;36;1mUser Load (0.001571)[0m   [0;1mSELECT * FROM `users` WHERE (`users`.`login` = 'dovadi') AND (users.state = 'active') LIMIT 1[0m
  [4;35;1mUser Columns (0.002391)[0m   [0mSHOW FIELDS FROM `users`[0m
  [4;36;1mSQL (0.000376)[0m   [0;1mBEGIN[0m
  [4;35;1mSQL (0.001482)[0m   [0mCOMMIT[0m
Cookie set: auth_token=; path=/
Redirected to http://localhost:3000/
Completed in 0.01846 (54 reqs/sec) | DB: 0.00582 (31%) | 302 Found [http://localhost/session]
  [4;36;1mSQL (0.000356)[0m   [0;1mSET NAMES 'utf8'[0m
  [4;35;1mSQL (0.000124)[0m   [0mSET SQL_AUTO_IS_NULL=0[0m
  [4;36;1mSQL (0.000903)[0m   [0;1mSHOW TABLES[0m
  [4;35;1mSQL (0.000332)[0m   [0mSELECT version FROM schema_migrations[0m
  [4;36;1mSQL (0.000172)[0m   [0;1mSET NAMES 'utf8'[0m
  [4;35;1mSQL (0.000085)[0m   [0mSET SQL_AUTO_IS_NULL=0[0m
  [4;36;1mSQL (0.047712)[0m   [0;1mDROP DATABASE IF EXISTS `funda_test`[0m
  [4;35;1mSQL (0.000737)[0m   [0mCREATE DATABASE `funda_test` DEFAULT CHARACTER SET `utf8`[0m
  [4;36;1mSQL (0.000168)[0m   [0;1mSET NAMES 'utf8'[0m
  [4;35;1mSQL (0.000089)[0m   [0mSET SQL_AUTO_IS_NULL=0[0m
  [4;36;1mSQL (0.000498)[0m   [0;1mSHOW TABLES[0m
  [4;35;1mSQL (0.010260)[0m   [0mCREATE TABLE `users` (`id` int(11) DEFAULT NULL auto_increment PRIMARY KEY, `login` varchar(40), `name` varchar(100) DEFAULT '', `email` varchar(100), `crypted_password` varchar(40), `salt` varchar(40), `created_at` datetime, `updated_at` datetime, `remember_token` varchar(40), `remember_token_expires_at` datetime, `activation_code` varchar(40), `activated_at` datetime, `state` varchar(255) DEFAULT 'passive', `deleted_at` datetime) ENGINE=InnoDB[0m
  [4;36;1mSQL (0.026232)[0m   [0;1mCREATE UNIQUE INDEX `index_users_on_login` ON `users` (`login`)[0m
  [4;35;1mSQL (0.000522)[0m   [0mSHOW TABLES[0m
  [4;36;1mSQL (0.010594)[0m   [0;1mCREATE TABLE `schema_migrations` (`version` varchar(255) NOT NULL) ENGINE=InnoDB[0m
  [4;35;1mSQL (0.015012)[0m   [0mCREATE UNIQUE INDEX `unique_schema_migrations` ON `schema_migrations` (`version`)[0m
  [4;36;1mSQL (0.006703)[0m   [0;1mSHOW TABLES[0m
  [4;35;1mSQL (0.005354)[0m   [0mSELECT version FROM `schema_migrations`[0m
  [4;36;1mSQL (0.002439)[0m   [0;1mINSERT INTO `schema_migrations` (version) VALUES ('20080905085942')[0m
  [4;36;1mSQL (0.003737)[0m   [0;1mSET NAMES 'utf8'[0m
  [4;35;1mSQL (0.000147)[0m   [0mSET SQL_AUTO_IS_NULL=0[0m
  [4;36;1mSQL (0.000666)[0m   [0;1mSHOW TABLES[0m
  [4;35;1mSQL (0.000216)[0m   [0mSELECT version FROM schema_migrations[0m
  [4;36;1mSQL (0.000119)[0m   [0;1mSET NAMES 'utf8'[0m
  [4;35;1mSQL (0.000093)[0m   [0mSET SQL_AUTO_IS_NULL=0[0m
  [4;36;1mSQL (0.062575)[0m   [0;1mDROP DATABASE IF EXISTS `funda_test`[0m
  [4;35;1mSQL (0.002511)[0m   [0mCREATE DATABASE `funda_test` DEFAULT CHARACTER SET `utf8`[0m
  [4;36;1mSQL (0.000121)[0m   [0;1mSET NAMES 'utf8'[0m
  [4;35;1mSQL (0.000085)[0m   [0mSET SQL_AUTO_IS_NULL=0[0m
  [4;36;1mSQL (0.000388)[0m   [0;1mSHOW TABLES[0m
  [4;35;1mSQL (0.269781)[0m   [0mCREATE TABLE `users` (`id` int(11) DEFAULT NULL auto_increment PRIMARY KEY, `login` varchar(40), `name` varchar(100) DEFAULT '', `email` varchar(100), `crypted_password` varchar(40), `salt` varchar(40), `created_at` datetime, `updated_at` datetime, `remember_token` varchar(40), `remember_token_expires_at` datetime, `activation_code` varchar(40), `activated_at` datetime, `state` varchar(255) DEFAULT 'passive', `deleted_at` datetime) ENGINE=InnoDB[0m
  [4;36;1mSQL (0.449322)[0m   [0;1mCREATE UNIQUE INDEX `index_users_on_login` ON `users` (`login`)[0m
  [4;35;1mSQL (0.000402)[0m   [0mSHOW TABLES[0m
  [4;36;1mSQL (0.004818)[0m   [0;1mCREATE TABLE `schema_migrations` (`version` varchar(255) NOT NULL) ENGINE=InnoDB[0m
  [4;35;1mSQL (0.006292)[0m   [0mCREATE UNIQUE INDEX `unique_schema_migrations` ON `schema_migrations` (`version`)[0m
  [4;36;1mSQL (0.000544)[0m   [0;1mSHOW TABLES[0m
  [4;35;1mSQL (0.000463)[0m   [0mSELECT version FROM `schema_migrations`[0m
  [4;36;1mSQL (0.000604)[0m   [0;1mINSERT INTO `schema_migrations` (version) VALUES ('20080905085942')[0m
  [4;36;1mSQL (0.000583)[0m   [0;1mSET NAMES 'utf8'[0m
  [4;35;1mSQL (0.000165)[0m   [0mSET SQL_AUTO_IS_NULL=0[0m
  [4;36;1mSQL (0.002615)[0m   [0;1mSHOW TABLES[0m
  [4;35;1mSQL (0.000347)[0m   [0mSELECT version FROM schema_migrations[0m
  [4;36;1mSQL (0.000122)[0m   [0;1mSET NAMES 'utf8'[0m
  [4;35;1mSQL (0.000091)[0m   [0mSET SQL_AUTO_IS_NULL=0[0m
  [4;36;1mSQL (0.004423)[0m   [0;1mDROP DATABASE IF EXISTS `funda_test`[0m
  [4;35;1mSQL (0.000365)[0m   [0mCREATE DATABASE `funda_test` DEFAULT CHARACTER SET `utf8`[0m
  [4;36;1mSQL (0.000143)[0m   [0;1mSET NAMES 'utf8'[0m
  [4;35;1mSQL (0.000244)[0m   [0mSET SQL_AUTO_IS_NULL=0[0m
  [4;36;1mSQL (0.000739)[0m   [0;1mSHOW TABLES[0m
  [4;35;1mSQL (0.003910)[0m   [0mCREATE TABLE `users` (`id` int(11) DEFAULT NULL auto_increment PRIMARY KEY, `login` varchar(40), `name` varchar(100) DEFAULT '', `email` varchar(100), `crypted_password` varchar(40), `salt` varchar(40), `created_at` datetime, `updated_at` datetime, `remember_token` varchar(40), `remember_token_expires_at` datetime, `activation_code` varchar(40), `activated_at` datetime, `state` varchar(255) DEFAULT 'passive', `deleted_at` datetime) ENGINE=InnoDB[0m
  [4;36;1mSQL (0.005649)[0m   [0;1mCREATE UNIQUE INDEX `index_users_on_login` ON `users` (`login`)[0m
  [4;35;1mSQL (0.000542)[0m   [0mSHOW TABLES[0m
  [4;36;1mSQL (0.002881)[0m   [0;1mCREATE TABLE `schema_migrations` (`version` varchar(255) NOT NULL) ENGINE=InnoDB[0m
  [4;35;1mSQL (0.009839)[0m   [0mCREATE UNIQUE INDEX `unique_schema_migrations` ON `schema_migrations` (`version`)[0m
  [4;36;1mSQL (0.000405)[0m   [0;1mSHOW TABLES[0m
  [4;35;1mSQL (0.000423)[0m   [0mSELECT version FROM `schema_migrations`[0m
  [4;36;1mSQL (0.000459)[0m   [0;1mINSERT INTO `schema_migrations` (version) VALUES ('20080905085942')[0m
